TN:gcov_report
SF:/usr/local/include/c++/10.3.0/initializer_list
FN:71,_ZNKSt16initializer_listIcE4sizeEv
FNDA:6,_ZNKSt16initializer_listIcE4sizeEv
FN:71,_ZNKSt16initializer_listINSt7__cxx1112basic_stringIcSt11char_traitsIcESaIcEEEE4sizeEv
FNDA:5,_ZNKSt16initializer_listINSt7__cxx1112basic_stringIcSt11char_traitsIcESaIcEEEE4sizeEv
FN:71,_ZNKSt16initializer_listIdE4sizeEv
FNDA:61,_ZNKSt16initializer_listIdE4sizeEv
FN:71,_ZNKSt16initializer_listIiE4sizeEv
FNDA:7,_ZNKSt16initializer_listIiE4sizeEv
FN:75,_ZNKSt16initializer_listIcE5beginEv
FNDA:12,_ZNKSt16initializer_listIcE5beginEv
FN:75,_ZNKSt16initializer_listINSt7__cxx1112basic_stringIcSt11char_traitsIcESaIcEEEE5beginEv
FNDA:10,_ZNKSt16initializer_listINSt7__cxx1112basic_stringIcSt11char_traitsIcESaIcEEEE5beginEv
FN:75,_ZNKSt16initializer_listIdE5beginEv
FNDA:122,_ZNKSt16initializer_listIdE5beginEv
FN:75,_ZNKSt16initializer_listIiE5beginEv
FNDA:14,_ZNKSt16initializer_listIiE5beginEv
FN:79,_ZNKSt16initializer_listIcE3endEv
FNDA:6,_ZNKSt16initializer_listIcE3endEv
FN:79,_ZNKSt16initializer_listINSt7__cxx1112basic_stringIcSt11char_traitsIcESaIcEEEE3endEv
FNDA:5,_ZNKSt16initializer_listINSt7__cxx1112basic_stringIcSt11char_traitsIcESaIcEEEE3endEv
FN:79,_ZNKSt16initializer_listIdE3endEv
FNDA:61,_ZNKSt16initializer_listIdE3endEv
FN:79,_ZNKSt16initializer_listIiE3endEv
FNDA:7,_ZNKSt16initializer_listIiE3endEv
FNF:12
FNH:12
DA:71,6
DA:71,5
DA:71,61
DA:71,7
DA:75,12
DA:75,10
DA:75,122
DA:75,14
DA:79,6
DA:79,5
DA:79,61
DA:79,7
LF:12
LH:12
end_of_record
SF:/usr/local/include/c++/10.3.0/bits/allocated_ptr.h
FN:52,_ZNSt15__allocated_ptrISaISt10_List_nodeIiEEEC1ERS2_PS1_
FNDA:42,_ZNSt15__allocated_ptrISaISt10_List_nodeIiEEEC1ERS2_PS1_
FN:52,_ZNSt15__allocated_ptrISaISt10_List_nodeINSt7__cxx1112basic_stringIcSt11char_traitsIcESaIcEEEEEEC1ERS8_PS7_
FNDA:19,_ZNSt15__allocated_ptrISaISt10_List_nodeINSt7__cxx1112basic_stringIcSt11char_traitsIcESaIcEEEEEEC1ERS8_PS7_
FN:52,_ZNSt15__allocated_ptrISaISt10_List_nodeIcEEEC1ERS2_PS1_
FNDA:21,_ZNSt15__allocated_ptrISaISt10_List_nodeIcEEEC1ERS2_PS1_
FN:52,_ZNSt15__allocated_ptrISaISt10_List_nodeIdEEEC1ERS2_PS1_
FNDA:244,_ZNSt15__allocated_ptrISaISt10_List_nodeIdEEEC1ERS2_PS1_
FN:70,_ZNSt15__allocated_ptrISaISt10_List_nodeIiEEED1Ev
FNDA:42,_ZNSt15__allocated_ptrISaISt10_List_nodeIiEEED1Ev
FN:70,_ZNSt15__allocated_ptrISaISt10_List_nodeINSt7__cxx1112basic_stringIcSt11char_traitsIcESaIcEEEEEED1Ev
FNDA:19,_ZNSt15__allocated_ptrISaISt10_List_nodeINSt7__cxx1112basic_stringIcSt11char_traitsIcESaIcEEEEEED1Ev
FN:70,_ZNSt15__allocated_ptrISaISt10_List_nodeIcEEED1Ev
FNDA:21,_ZNSt15__allocated_ptrISaISt10_List_nodeIcEEED1Ev
FN:70,_ZNSt15__allocated_ptrISaISt10_List_nodeIdEEED1Ev
FNDA:244,_ZNSt15__allocated_ptrISaISt10_List_nodeIdEEED1Ev
FN:78,_ZNSt15__allocated_ptrISaISt10_List_nodeIiEEEaSEDn
FNDA:42,_ZNSt15__allocated_ptrISaISt10_List_nodeIiEEEaSEDn
FN:78,_ZNSt15__allocated_ptrISaISt10_List_nodeINSt7__cxx1112basic_stringIcSt11char_traitsIcESaIcEEEEEEaSEDn
FNDA:19,_ZNSt15__allocated_ptrISaISt10_List_nodeINSt7__cxx1112basic_stringIcSt11char_traitsIcESaIcEEEEEEaSEDn
FN:78,_ZNSt15__allocated_ptrISaISt10_List_nodeIcEEEaSEDn
FNDA:21,_ZNSt15__allocated_ptrISaISt10_List_nodeIcEEEaSEDn
FN:78,_ZNSt15__allocated_ptrISaISt10_List_nodeIdEEEaSEDn
FNDA:244,_ZNSt15__allocated_ptrISaISt10_List_nodeIdEEEaSEDn
FNF:12
FNH:12
DA:52,42
DA:53,42
DA:54,42
DA:52,19
DA:53,19
DA:54,19
DA:52,21
DA:53,21
DA:54,21
DA:52,244
DA:53,244
DA:54,244
DA:70,42
DA:72,42
DA:73,0
DA:74,42
DA:70,19
DA:72,19
DA:73,0
DA:74,19
DA:70,21
DA:72,21
DA:73,0
DA:74,21
DA:70,244
DA:72,244
DA:73,0
DA:74,244
DA:78,42
DA:80,42
DA:81,42
DA:78,19
DA:80,19
DA:81,19
DA:78,21
DA:80,21
DA:81,21
DA:78,244
DA:80,244
DA:81,244
LF:40
LH:36
end_of_record
SF:/usr/local/include/c++/10.3.0/bits/basic_string.h
FN:6171,_ZSteqIcEN9__gnu_cxx11__enable_ifIXsrSt9__is_charIT_E7__valueEbE6__typeERKNSt7__cxx1112basic_stringIS3_St11char_traitsIS3_ESaIS3_EEESE_
FNDA:10,_ZSteqIcEN9__gnu_cxx11__enable_ifIXsrSt9__is_charIT_E7__valueEbE6__typeERKNSt7__cxx1112basic_stringIS3_St11char_traitsIS3_ESaIS3_EEESE_
FNF:1
FNH:1
DA:6171,10
DA:6173,10
DA:6174,10
DA:6175,10
LF:4
LH:4
end_of_record
SF:/usr/local/include/gtest/internal/gtest-port.h
FN:973,_ZN7testing8internal8GTestLog9GetStreamEv
FNDA:0,_ZN7testing8internal8GTestLog9GetStreamEv
FNF:1
FNH:0
DA:973,0
LF:1
LH:0
end_of_record
SF:/usr/local/include/c++/10.3.0/bits/stl_list.h
FN:109,_ZNSt8__detail17_List_node_headerC1Ev
FNDA:398,_ZNSt8__detail17_List_node_headerC1Ev
FN:113,_ZNSt8__detail17_List_node_headerC1EOS0_
FNDA:4,_ZNSt8__detail17_List_node_headerC1EOS0_
FN:129,_ZNSt8__detail17_List_node_header13_M_move_nodesEOS0_
FNDA:2,_ZNSt8__detail17_List_node_header13_M_move_nodesEOS0_
FN:149,_ZNSt8__detail17_List_node_header7_M_initEv
FNDA:404,_ZNSt8__detail17_List_node_header7_M_initEv
FN:158,_ZNSt8__detail17_List_node_header7_M_baseEv
FNDA:15,_ZNSt8__detail17_List_node_header7_M_baseEv
FN:170,_ZNSt10_List_nodeINSt7__cxx1112basic_stringIcSt11char_traitsIcESaIcEEEE9_M_valptrEv
FNDA:49,_ZNSt10_List_nodeINSt7__cxx1112basic_stringIcSt11char_traitsIcESaIcEEEE9_M_valptrEv
FN:170,_ZNSt10_List_nodeIcE9_M_valptrEv
FNDA:72,_ZNSt10_List_nodeIcE9_M_valptrEv
FN:170,_ZNSt10_List_nodeIdE9_M_valptrEv
FNDA:1236,_ZNSt10_List_nodeIdE9_M_valptrEv
FN:170,_ZNSt10_List_nodeIiE9_M_valptrEv
FNDA:292,_ZNSt10_List_nodeIiE9_M_valptrEv
FN:171,_ZNKSt10_List_nodeIiE9_M_valptrEv
FNDA:59,_ZNKSt10_List_nodeIiE9_M_valptrEv
FN:171,_ZNKSt10_List_nodeIdE9_M_valptrEv
FNDA:93,_ZNKSt10_List_nodeIdE9_M_valptrEv
FN:171,_ZNKSt10_List_nodeIcE9_M_valptrEv
FNDA:6,_ZNKSt10_List_nodeIcE9_M_valptrEv
FN:200,_ZNSt14_List_iteratorIiEC1EPNSt8__detail15_List_node_baseE
FNDA:191,_ZNSt14_List_iteratorIiEC1EPNSt8__detail15_List_node_baseE
FN:200,_ZNSt14_List_iteratorIdEC1EPNSt8__detail15_List_node_baseE
FNDA:1324,_ZNSt14_List_iteratorIdEC1EPNSt8__detail15_List_node_baseE
FN:200,_ZNSt14_List_iteratorIcEC1EPNSt8__detail15_List_node_baseE
FNDA:64,_ZNSt14_List_iteratorIcEC1EPNSt8__detail15_List_node_baseE
FN:200,_ZNSt14_List_iteratorINSt7__cxx1112basic_stringIcSt11char_traitsIcESaIcEEEEC1EPNSt8__detail15_List_node_baseE
FNDA:34,_ZNSt14_List_iteratorINSt7__cxx1112basic_stringIcSt11char_traitsIcESaIcEEEEC1EPNSt8__detail15_List_node_baseE
FN:209,_ZNKSt14_List_iteratorINSt7__cxx1112basic_stringIcSt11char_traitsIcESaIcEEEEdeEv
FNDA:11,_ZNKSt14_List_iteratorINSt7__cxx1112basic_stringIcSt11char_traitsIcESaIcEEEEdeEv
FN:209,_ZNKSt14_List_iteratorIcEdeEv
FNDA:30,_ZNKSt14_List_iteratorIcEdeEv
FN:209,_ZNKSt14_List_iteratorIdEdeEv
FNDA:748,_ZNKSt14_List_iteratorIdEdeEv
FN:209,_ZNKSt14_List_iteratorIiEdeEv
FNDA:208,_ZNKSt14_List_iteratorIiEdeEv
FN:217,_ZNSt14_List_iteratorIcEppEv
FNDA:2,_ZNSt14_List_iteratorIcEppEv
FN:217,_ZNSt14_List_iteratorIdEppEv
FNDA:167,_ZNSt14_List_iteratorIdEppEv
FN:217,_ZNSt14_List_iteratorINSt7__cxx1112basic_stringIcSt11char_traitsIcESaIcEEEEppEv
FNDA:1,_ZNSt14_List_iteratorINSt7__cxx1112basic_stringIcSt11char_traitsIcESaIcEEEEppEv
FN:217,_ZNSt14_List_iteratorIiEppEv
FNDA:16,_ZNSt14_List_iteratorIiEppEv
FN:224,_ZNSt14_List_iteratorINSt7__cxx1112basic_stringIcSt11char_traitsIcESaIcEEEEppEi
FNDA:2,_ZNSt14_List_iteratorINSt7__cxx1112basic_stringIcSt11char_traitsIcESaIcEEEEppEi
FN:224,_ZNSt14_List_iteratorIdEppEi
FNDA:66,_ZNSt14_List_iteratorIdEppEi
FN:224,_ZNSt14_List_iteratorIiEppEi
FNDA:17,_ZNSt14_List_iteratorIiEppEi
FN:232,_ZNSt14_List_iteratorINSt7__cxx1112basic_stringIcSt11char_traitsIcESaIcEEEEmmEv
FNDA:4,_ZNSt14_List_iteratorINSt7__cxx1112basic_stringIcSt11char_traitsIcESaIcEEEEmmEv
FN:232,_ZNSt14_List_iteratorIdEmmEv
FNDA:273,_ZNSt14_List_iteratorIdEmmEv
FN:232,_ZNSt14_List_iteratorIcEmmEv
FNDA:25,_ZNSt14_List_iteratorIcEmmEv
FN:232,_ZNSt14_List_iteratorIiEmmEv
FNDA:23,_ZNSt14_List_iteratorIiEmmEv
FN:239,_ZNSt14_List_iteratorIdEmmEi
FNDA:7,_ZNSt14_List_iteratorIdEmmEi
FN:239,_ZNSt14_List_iteratorIcEmmEi
FNDA:2,_ZNSt14_List_iteratorIcEmmEi
FN:239,_ZNSt14_List_iteratorIiEmmEi
FNDA:18,_ZNSt14_List_iteratorIiEmmEi
FN:247,_ZSteqRKSt14_List_iteratorINSt7__cxx1112basic_stringIcSt11char_traitsIcESaIcEEEES8_
FNDA:2,_ZSteqRKSt14_List_iteratorINSt7__cxx1112basic_stringIcSt11char_traitsIcESaIcEEEES8_
FN:247,_ZSteqRKSt14_List_iteratorIdES2_
FNDA:12,_ZSteqRKSt14_List_iteratorIdES2_
FN:252,_ZStneRKSt14_List_iteratorIdES2_
FNDA:331,_ZStneRKSt14_List_iteratorIdES2_
FN:252,_ZStneRKSt14_List_iteratorIiES2_
FNDA:9,_ZStneRKSt14_List_iteratorIiES2_
FN:252,_ZStneRKSt14_List_iteratorIcES2_
FNDA:7,_ZStneRKSt14_List_iteratorIcES2_
FN:252,_ZStneRKSt14_List_iteratorINSt7__cxx1112basic_stringIcSt11char_traitsIcESaIcEEEES8_
FNDA:1,_ZStneRKSt14_List_iteratorINSt7__cxx1112basic_stringIcSt11char_traitsIcESaIcEEEES8_
FN:282,_ZNSt20_List_const_iteratorIcEC1EPKNSt8__detail15_List_node_baseE
FNDA:4,_ZNSt20_List_const_iteratorIcEC1EPKNSt8__detail15_List_node_baseE
FN:282,_ZNSt20_List_const_iteratorIiEC1EPKNSt8__detail15_List_node_baseE
FNDA:59,_ZNSt20_List_const_iteratorIiEC1EPKNSt8__detail15_List_node_baseE
FN:282,_ZNSt20_List_const_iteratorIdEC1EPKNSt8__detail15_List_node_baseE
FNDA:24,_ZNSt20_List_const_iteratorIdEC1EPKNSt8__detail15_List_node_baseE
FN:286,_ZNSt20_List_const_iteratorIdEC1ERKSt14_List_iteratorIdE
FNDA:193,_ZNSt20_List_const_iteratorIdEC1ERKSt14_List_iteratorIdE
FN:290,_ZNKSt20_List_const_iteratorIdE13_M_const_castEv
FNDA:126,_ZNKSt20_List_const_iteratorIdE13_M_const_castEv
FN:295,_ZNKSt20_List_const_iteratorIcEdeEv
FNDA:6,_ZNKSt20_List_const_iteratorIcEdeEv
FN:295,_ZNKSt20_List_const_iteratorIdEdeEv
FNDA:93,_ZNKSt20_List_const_iteratorIdEdeEv
FN:295,_ZNKSt20_List_const_iteratorIiEdeEv
FNDA:59,_ZNKSt20_List_const_iteratorIiEdeEv
FN:303,_ZNSt20_List_const_iteratorIcEppEv
FNDA:6,_ZNSt20_List_const_iteratorIcEppEv
FN:303,_ZNSt20_List_const_iteratorIdEppEv
FNDA:134,_ZNSt20_List_const_iteratorIdEppEv
FN:310,_ZNSt20_List_const_iteratorIdEppEi
FNDA:26,_ZNSt20_List_const_iteratorIdEppEi
FN:318,_ZNSt20_List_const_iteratorIdEmmEv
FNDA:0,_ZNSt20_List_const_iteratorIdEmmEv
FN:333,_ZSteqRKSt20_List_const_iteratorIdES2_
FNDA:64,_ZSteqRKSt20_List_const_iteratorIdES2_
FN:338,_ZStneRKSt20_List_const_iteratorIdES2_
FNDA:103,_ZStneRKSt20_List_const_iteratorIdES2_
FN:338,_ZStneRKSt20_List_const_iteratorIcES2_
FNDA:8,_ZStneRKSt20_List_const_iteratorIcES2_
FN:379,_ZNSt7__cxx1110_List_baseIiSaIiEE10_List_implC1Ev
FNDA:8,_ZNSt7__cxx1110_List_baseIiSaIiEE10_List_implC1Ev
FN:379,_ZNSt7__cxx1110_List_baseINS_12basic_stringIcSt11char_traitsIcESaIcEEESaIS5_EE10_List_implC1Ev
FNDA:2,_ZNSt7__cxx1110_List_baseINS_12basic_stringIcSt11char_traitsIcESaIcEEESaIS5_EE10_List_implC1Ev
FN:379,_ZNSt7__cxx1110_List_baseIcSaIcEE10_List_implC1Ev
FNDA:2,_ZNSt7__cxx1110_List_baseIcSaIcEE10_List_implC1Ev
FN:379,_ZNSt7__cxx1110_List_baseIdSaIdEE10_List_implC1Ev
FNDA:337,_ZNSt7__cxx1110_List_baseIdSaIdEE10_List_implC1Ev
FN:389,_ZNSt7__cxx1110_List_baseIcSaIcEE10_List_implC1EOS3_
FNDA:2,_ZNSt7__cxx1110_List_baseIcSaIcEE10_List_implC1EOS3_
FN:389,_ZNSt7__cxx1110_List_baseIdSaIdEE10_List_implC1EOS3_
FNDA:2,_ZNSt7__cxx1110_List_baseIdSaIdEE10_List_implC1EOS3_
FN:395,_ZNSt7__cxx1110_List_baseIiSaIiEE10_List_implC1EOSaISt10_List_nodeIiEE
FNDA:6,_ZNSt7__cxx1110_List_baseIiSaIiEE10_List_implC1EOSaISt10_List_nodeIiEE
FN:395,_ZNSt7__cxx1110_List_baseIdSaIdEE10_List_implC1EOSaISt10_List_nodeIdEE
FNDA:34,_ZNSt7__cxx1110_List_baseIdSaIdEE10_List_implC1EOSaISt10_List_nodeIdEE
FN:395,_ZNSt7__cxx1110_List_baseIcSaIcEE10_List_implC1EOSaISt10_List_nodeIcEE
FNDA:5,_ZNSt7__cxx1110_List_baseIcSaIcEE10_List_implC1EOSaISt10_List_nodeIcEE
FN:395,_ZNSt7__cxx1110_List_baseINS_12basic_stringIcSt11char_traitsIcESaIcEEESaIS5_EE10_List_implC1EOSaISt10_List_nodeIS5_EE
FNDA:4,_ZNSt7__cxx1110_List_baseINS_12basic_stringIcSt11char_traitsIcESaIcEEESaIS5_EE10_List_implC1EOSaISt10_List_nodeIS5_EE
FN:404,_ZNKSt7__cxx1110_List_baseINS_12basic_stringIcSt11char_traitsIcESaIcEEESaIS5_EE11_M_get_sizeEv
FNDA:6,_ZNKSt7__cxx1110_List_baseINS_12basic_stringIcSt11char_traitsIcESaIcEEESaIS5_EE11_M_get_sizeEv
FN:404,_ZNKSt7__cxx1110_List_baseIdSaIdEE11_M_get_sizeEv
FNDA:413,_ZNKSt7__cxx1110_List_baseIdSaIdEE11_M_get_sizeEv
FN:404,_ZNKSt7__cxx1110_List_baseIiSaIiEE11_M_get_sizeEv
FNDA:15,_ZNKSt7__cxx1110_List_baseIiSaIiEE11_M_get_sizeEv
FN:404,_ZNKSt7__cxx1110_List_baseIcSaIcEE11_M_get_sizeEv
FNDA:15,_ZNKSt7__cxx1110_List_baseIcSaIcEE11_M_get_sizeEv
FN:406,_ZNSt7__cxx1110_List_baseIdSaIdEE11_M_set_sizeEm
FNDA:146,_ZNSt7__cxx1110_List_baseIdSaIdEE11_M_set_sizeEm
FN:408,_ZNSt7__cxx1110_List_baseIdSaIdEE11_M_inc_sizeEm
FNDA:311,_ZNSt7__cxx1110_List_baseIdSaIdEE11_M_inc_sizeEm
FN:408,_ZNSt7__cxx1110_List_baseIcSaIcEE11_M_inc_sizeEm
FNDA:21,_ZNSt7__cxx1110_List_baseIcSaIcEE11_M_inc_sizeEm
FN:408,_ZNSt7__cxx1110_List_baseINS_12basic_stringIcSt11char_traitsIcESaIcEEESaIS5_EE11_M_inc_sizeEm
FNDA:19,_ZNSt7__cxx1110_List_baseINS_12basic_stringIcSt11char_traitsIcESaIcEEESaIS5_EE11_M_inc_sizeEm
FN:408,_ZNSt7__cxx1110_List_baseIiSaIiEE11_M_inc_sizeEm
FNDA:42,_ZNSt7__cxx1110_List_baseIiSaIiEE11_M_inc_sizeEm
FN:410,_ZNSt7__cxx1110_List_baseIdSaIdEE11_M_dec_sizeEm
FNDA:101,_ZNSt7__cxx1110_List_baseIdSaIdEE11_M_dec_sizeEm
FN:410,_ZNSt7__cxx1110_List_baseIcSaIcEE11_M_dec_sizeEm
FNDA:6,_ZNSt7__cxx1110_List_baseIcSaIcEE11_M_dec_sizeEm
FN:410,_ZNSt7__cxx1110_List_baseINS_12basic_stringIcSt11char_traitsIcESaIcEEESaIS5_EE11_M_dec_sizeEm
FNDA:0,_ZNSt7__cxx1110_List_baseINS_12basic_stringIcSt11char_traitsIcESaIcEEESaIS5_EE11_M_dec_sizeEm
FN:441,_ZNSt7__cxx1110_List_baseIiSaIiEE11_M_get_nodeEv
FNDA:42,_ZNSt7__cxx1110_List_baseIiSaIiEE11_M_get_nodeEv
FN:441,_ZNSt7__cxx1110_List_baseINS_12basic_stringIcSt11char_traitsIcESaIcEEESaIS5_EE11_M_get_nodeEv
FNDA:19,_ZNSt7__cxx1110_List_baseINS_12basic_stringIcSt11char_traitsIcESaIcEEESaIS5_EE11_M_get_nodeEv
FN:441,_ZNSt7__cxx1110_List_baseIdSaIdEE11_M_get_nodeEv
FNDA:244,_ZNSt7__cxx1110_List_baseIdSaIdEE11_M_get_nodeEv
FN:441,_ZNSt7__cxx1110_List_baseIcSaIcEE11_M_get_nodeEv
FNDA:21,_ZNSt7__cxx1110_List_baseIcSaIcEE11_M_get_nodeEv
FN:445,_ZNSt7__cxx1110_List_baseINS_12basic_stringIcSt11char_traitsIcESaIcEEESaIS5_EE11_M_put_nodeEPSt10_List_nodeIS5_E
FNDA:19,_ZNSt7__cxx1110_List_baseINS_12basic_stringIcSt11char_traitsIcESaIcEEESaIS5_EE11_M_put_nodeEPSt10_List_nodeIS5_E
FN:445,_ZNSt7__cxx1110_List_baseIcSaIcEE11_M_put_nodeEPSt10_List_nodeIcE
FNDA:21,_ZNSt7__cxx1110_List_baseIcSaIcEE11_M_put_nodeEPSt10_List_nodeIcE
FN:445,_ZNSt7__cxx1110_List_baseIiSaIiEE11_M_put_nodeEPSt10_List_nodeIiE
FNDA:42,_ZNSt7__cxx1110_List_baseIiSaIiEE11_M_put_nodeEPSt10_List_nodeIiE
FN:445,_ZNSt7__cxx1110_List_baseIdSaIdEE11_M_put_nodeEPSt10_List_nodeIdE
FNDA:244,_ZNSt7__cxx1110_List_baseIdSaIdEE11_M_put_nodeEPSt10_List_nodeIdE
FN:452,_ZNSt7__cxx1110_List_baseIcSaIcEE21_M_get_Node_allocatorEv
FNDA:42,_ZNSt7__cxx1110_List_baseIcSaIcEE21_M_get_Node_allocatorEv
FN:452,_ZNSt7__cxx1110_List_baseIiSaIiEE21_M_get_Node_allocatorEv
FNDA:84,_ZNSt7__cxx1110_List_baseIiSaIiEE21_M_get_Node_allocatorEv
FN:452,_ZNSt7__cxx1110_List_baseIdSaIdEE21_M_get_Node_allocatorEv
FNDA:736,_ZNSt7__cxx1110_List_baseIdSaIdEE21_M_get_Node_allocatorEv
FN:452,_ZNSt7__cxx1110_List_baseINS_12basic_stringIcSt11char_traitsIcESaIcEEESaIS5_EE21_M_get_Node_allocatorEv
FNDA:38,_ZNSt7__cxx1110_List_baseINS_12basic_stringIcSt11char_traitsIcESaIcEEESaIS5_EE21_M_get_Node_allocatorEv
FN:456,_ZNKSt7__cxx1110_List_baseIdSaIdEE21_M_get_Node_allocatorEv
FNDA:5,_ZNKSt7__cxx1110_List_baseIdSaIdEE21_M_get_Node_allocatorEv
FN:456,_ZNKSt7__cxx1110_List_baseIcSaIcEE21_M_get_Node_allocatorEv
FNDA:2,_ZNKSt7__cxx1110_List_baseIcSaIcEE21_M_get_Node_allocatorEv
FN:460,_ZNSt7__cxx1110_List_baseIcSaIcEEC2Ev
FNDA:2,_ZNSt7__cxx1110_List_baseIcSaIcEEC2Ev
FN:460,_ZNSt7__cxx1110_List_baseIdSaIdEEC2Ev
FNDA:337,_ZNSt7__cxx1110_List_baseIdSaIdEEC2Ev
FN:460,_ZNSt7__cxx1110_List_baseIiSaIiEEC2Ev
FNDA:8,_ZNSt7__cxx1110_List_baseIiSaIiEEC2Ev
FN:460,_ZNSt7__cxx1110_List_baseINS_12basic_stringIcSt11char_traitsIcESaIcEEESaIS5_EEC2Ev
FNDA:2,_ZNSt7__cxx1110_List_baseINS_12basic_stringIcSt11char_traitsIcESaIcEEESaIS5_EEC2Ev
FN:470,_ZNSt7__cxx1110_List_baseIdSaIdEEC2EOS2_
FNDA:2,_ZNSt7__cxx1110_List_baseIdSaIdEEC2EOS2_
FN:470,_ZNSt7__cxx1110_List_baseIcSaIcEEC2EOS2_
FNDA:2,_ZNSt7__cxx1110_List_baseIcSaIcEEC2EOS2_
FN:488,_ZNSt7__cxx1110_List_baseIiSaIiEEC2EOSaISt10_List_nodeIiEE
FNDA:6,_ZNSt7__cxx1110_List_baseIiSaIiEEC2EOSaISt10_List_nodeIiEE
FN:488,_ZNSt7__cxx1110_List_baseIdSaIdEEC2EOSaISt10_List_nodeIdEE
FNDA:34,_ZNSt7__cxx1110_List_baseIdSaIdEEC2EOSaISt10_List_nodeIdEE
FN:488,_ZNSt7__cxx1110_List_baseINS_12basic_stringIcSt11char_traitsIcESaIcEEESaIS5_EEC2EOSaISt10_List_nodeIS5_EE
FNDA:4,_ZNSt7__cxx1110_List_baseINS_12basic_stringIcSt11char_traitsIcESaIcEEESaIS5_EEC2EOSaISt10_List_nodeIS5_EE
FN:488,_ZNSt7__cxx1110_List_baseIcSaIcEEC2EOSaISt10_List_nodeIcEE
FNDA:5,_ZNSt7__cxx1110_List_baseIcSaIcEEC2EOSaISt10_List_nodeIcEE
FN:493,_ZNSt7__cxx1110_List_baseIdSaIdEE13_M_move_nodesEOS2_
FNDA:2,_ZNSt7__cxx1110_List_baseIdSaIdEE13_M_move_nodesEOS2_
FN:498,_ZNSt7__cxx1110_List_baseIdSaIdEED2Ev
FNDA:373,_ZNSt7__cxx1110_List_baseIdSaIdEED2Ev
FN:498,_ZNSt7__cxx1110_List_baseIiSaIiEED2Ev
FNDA:14,_ZNSt7__cxx1110_List_baseIiSaIiEED2Ev
FN:498,_ZNSt7__cxx1110_List_baseIcSaIcEED2Ev
FNDA:9,_ZNSt7__cxx1110_List_baseIcSaIcEED2Ev
FN:498,_ZNSt7__cxx1110_List_baseINS_12basic_stringIcSt11char_traitsIcESaIcEEESaIS5_EED2Ev
FNDA:6,_ZNSt7__cxx1110_List_baseINS_12basic_stringIcSt11char_traitsIcESaIcEEESaIS5_EED2Ev
FN:505,_ZNSt7__cxx1110_List_baseIiSaIiEE7_M_initEv
FNDA:1,_ZNSt7__cxx1110_List_baseIiSaIiEE7_M_initEv
FN:505,_ZNSt7__cxx1110_List_baseIdSaIdEE7_M_initEv
FNDA:0,_ZNSt7__cxx1110_List_baseIdSaIdEE7_M_initEv
FN:632,_ZNSt7__cxx114listIcSaIcEE14_M_create_nodeIJRKcEEEPSt10_List_nodeIcEDpOT_
FNDA:17,_ZNSt7__cxx114listIcSaIcEE14_M_create_nodeIJRKcEEEPSt10_List_nodeIcEDpOT_
FN:632,_ZNSt7__cxx114listIcSaIcEE14_M_create_nodeIJcEEEPSt10_List_nodeIcEDpOT_
FNDA:4,_ZNSt7__cxx114listIcSaIcEE14_M_create_nodeIJcEEEPSt10_List_nodeIcEDpOT_
FN:632,_ZNSt7__cxx114listIdSaIdEE14_M_create_nodeIJRKdEEEPSt10_List_nodeIdEDpOT_
FNDA:214,_ZNSt7__cxx114listIdSaIdEE14_M_create_nodeIJRKdEEEPSt10_List_nodeIdEDpOT_
FN:632,_ZNSt7__cxx114listINS_12basic_stringIcSt11char_traitsIcESaIcEEESaIS5_EE14_M_create_nodeIJS5_EEEPSt10_List_nodeIS5_EDpOT_
FNDA:4,_ZNSt7__cxx114listINS_12basic_stringIcSt11char_traitsIcESaIcEEESaIS5_EE14_M_create_nodeIJS5_EEEPSt10_List_nodeIS5_EDpOT_
FN:632,_ZNSt7__cxx114listINS_12basic_stringIcSt11char_traitsIcESaIcEEESaIS5_EE14_M_create_nodeIJEEEPSt10_List_nodeIS5_EDpOT_
FNDA:1,_ZNSt7__cxx114listINS_12basic_stringIcSt11char_traitsIcESaIcEEESaIS5_EE14_M_create_nodeIJEEEPSt10_List_nodeIS5_EDpOT_
FN:632,_ZNSt7__cxx114listINS_12basic_stringIcSt11char_traitsIcESaIcEEESaIS5_EE14_M_create_nodeIJRKS5_EEEPSt10_List_nodeIS5_EDpOT_
FNDA:14,_ZNSt7__cxx114listINS_12basic_stringIcSt11char_traitsIcESaIcEEESaIS5_EE14_M_create_nodeIJRKS5_EEEPSt10_List_nodeIS5_EDpOT_
FN:632,_ZNSt7__cxx114listIdSaIdEE14_M_create_nodeIJdEEEPSt10_List_nodeIdEDpOT_
FNDA:30,_ZNSt7__cxx114listIdSaIdEE14_M_create_nodeIJdEEEPSt10_List_nodeIdEDpOT_
FN:632,_ZNSt7__cxx114listIiSaIiEE14_M_create_nodeIJEEEPSt10_List_nodeIiEDpOT_
FNDA:8,_ZNSt7__cxx114listIiSaIiEE14_M_create_nodeIJEEEPSt10_List_nodeIiEDpOT_
FN:632,_ZNSt7__cxx114listIiSaIiEE14_M_create_nodeIJiEEEPSt10_List_nodeIiEDpOT_
FNDA:17,_ZNSt7__cxx114listIiSaIiEE14_M_create_nodeIJiEEEPSt10_List_nodeIiEDpOT_
FN:632,_ZNSt7__cxx114listIiSaIiEE14_M_create_nodeIJRKiEEEPSt10_List_nodeIiEDpOT_
FNDA:17,_ZNSt7__cxx114listIiSaIiEE14_M_create_nodeIJRKiEEEPSt10_List_nodeIiEDpOT_
FN:651,_ZNKSt7__cxx114listIdSaIdEE13_M_node_countEv
FNDA:267,_ZNKSt7__cxx114listIdSaIdEE13_M_node_countEv
FN:651,_ZNKSt7__cxx114listIcSaIcEE13_M_node_countEv
FNDA:15,_ZNKSt7__cxx114listIcSaIcEE13_M_node_countEv
FN:651,_ZNKSt7__cxx114listIiSaIiEE13_M_node_countEv
FNDA:15,_ZNKSt7__cxx114listIiSaIiEE13_M_node_countEv
FN:651,_ZNKSt7__cxx114listINS_12basic_stringIcSt11char_traitsIcESaIcEEESaIS5_EE13_M_node_countEv
FNDA:6,_ZNKSt7__cxx114listINS_12basic_stringIcSt11char_traitsIcESaIcEEESaIS5_EE13_M_node_countEv
FN:673,_ZNSt7__cxx114listIcSaIcEEC1Ev
FNDA:2,_ZNSt7__cxx114listIcSaIcEEC1Ev
FN:673,_ZNSt7__cxx114listINS_12basic_stringIcSt11char_traitsIcESaIcEEESaIS5_EEC1Ev
FNDA:2,_ZNSt7__cxx114listINS_12basic_stringIcSt11char_traitsIcESaIcEEESaIS5_EEC1Ev
FN:673,_ZNSt7__cxx114listIdSaIdEEC1Ev
FNDA:337,_ZNSt7__cxx114listIdSaIdEEC1Ev
FN:673,_ZNSt7__cxx114listIiSaIiEEC1Ev
FNDA:8,_ZNSt7__cxx114listIiSaIiEEC1Ev
FN:696,_ZNSt7__cxx114listINS_12basic_stringIcSt11char_traitsIcESaIcEEESaIS5_EEC1EmRKS6_
FNDA:2,_ZNSt7__cxx114listINS_12basic_stringIcSt11char_traitsIcESaIcEEESaIS5_EEC1EmRKS6_
FN:696,_ZNSt7__cxx114listIiSaIiEEC1EmRKS1_
FNDA:3,_ZNSt7__cxx114listIiSaIiEEC1EmRKS1_
FN:735,_ZNSt7__cxx114listIdSaIdEEC1ERKS2_
FNDA:2,_ZNSt7__cxx114listIdSaIdEEC1ERKS2_
FN:735,_ZNSt7__cxx114listIcSaIcEEC1ERKS2_
FNDA:2,_ZNSt7__cxx114listIcSaIcEEC1ERKS2_
FN:748,_ZNSt7__cxx114listIcSaIcEEC1EOS2_
FNDA:2,_ZNSt7__cxx114listIcSaIcEEC1EOS2_
FN:748,_ZNSt7__cxx114listIdSaIdEEC1EOS2_
FNDA:2,_ZNSt7__cxx114listIdSaIdEEC1EOS2_
FN:758,_ZNSt7__cxx114listINS_12basic_stringIcSt11char_traitsIcESaIcEEESaIS5_EEC1ESt16initializer_listIS5_ERKS6_
FNDA:2,_ZNSt7__cxx114listINS_12basic_stringIcSt11char_traitsIcESaIcEEESaIS5_EEC1ESt16initializer_listIS5_ERKS6_
FN:758,_ZNSt7__cxx114listIcSaIcEEC1ESt16initializer_listIcERKS1_
FNDA:3,_ZNSt7__cxx114listIcSaIcEEC1ESt16initializer_listIcERKS1_
FN:758,_ZNSt7__cxx114listIdSaIdEEC1ESt16initializer_listIdERKS1_
FNDA:30,_ZNSt7__cxx114listIdSaIdEEC1ESt16initializer_listIdERKS1_
FN:758,_ZNSt7__cxx114listIiSaIiEEC1ESt16initializer_listIiERKS1_
FNDA:3,_ZNSt7__cxx114listIiSaIiEEC1ESt16initializer_listIiERKS1_
FN:803,_ZNSt7__cxx114listIdSaIdEEC1ISt20_List_const_iteratorIdEvEET_S6_RKS1_
FNDA:2,_ZNSt7__cxx114listIdSaIdEEC1ISt20_List_const_iteratorIdEvEET_S6_RKS1_
FN:827,_ZNSt7__cxx114listIiSaIiEED1Ev
FNDA:14,_ZNSt7__cxx114listIiSaIiEED1Ev
FN:827,_ZNSt7__cxx114listIdSaIdEED1Ev
FNDA:373,_ZNSt7__cxx114listIdSaIdEED1Ev
FN:827,_ZNSt7__cxx114listIcSaIcEED1Ev
FNDA:9,_ZNSt7__cxx114listIcSaIcEED1Ev
FN:827,_ZNSt7__cxx114listINS_12basic_stringIcSt11char_traitsIcESaIcEEESaIS5_EED1Ev
FNDA:6,_ZNSt7__cxx114listINS_12basic_stringIcSt11char_traitsIcESaIcEEESaIS5_EED1Ev
FN:853,_ZNSt7__cxx114listIdSaIdEEaSEOS2_
FNDA:2,_ZNSt7__cxx114listIdSaIdEEaSEOS2_
FN:936,_ZNKSt7__cxx114listIdSaIdEE13get_allocatorEv
FNDA:2,_ZNKSt7__cxx114listIdSaIdEE13get_allocatorEv
FN:945,_ZNSt7__cxx114listINS_12basic_stringIcSt11char_traitsIcESaIcEEESaIS5_EE5beginEv
FNDA:11,_ZNSt7__cxx114listINS_12basic_stringIcSt11char_traitsIcESaIcEEESaIS5_EE5beginEv
FN:945,_ZNSt7__cxx114listIdSaIdEE5beginEv
FNDA:472,_ZNSt7__cxx114listIdSaIdEE5beginEv
FN:945,_ZNSt7__cxx114listIcSaIcEE5beginEv
FNDA:18,_ZNSt7__cxx114listIcSaIcEE5beginEv
FN:945,_ZNSt7__cxx114listIiSaIiEE5beginEv
FNDA:82,_ZNSt7__cxx114listIiSaIiEE5beginEv
FN:954,_ZNKSt7__cxx114listIcSaIcEE5beginEv
FNDA:2,_ZNKSt7__cxx114listIcSaIcEE5beginEv
FN:954,_ZNKSt7__cxx114listIdSaIdEE5beginEv
FNDA:4,_ZNKSt7__cxx114listIdSaIdEE5beginEv
FN:963,_ZNSt7__cxx114listINS_12basic_stringIcSt11char_traitsIcESaIcEEESaIS5_EE3endEv
FNDA:23,_ZNSt7__cxx114listINS_12basic_stringIcSt11char_traitsIcESaIcEEESaIS5_EE3endEv
FN:963,_ZNSt7__cxx114listIiSaIiEE3endEv
FNDA:109,_ZNSt7__cxx114listIiSaIiEE3endEv
FN:963,_ZNSt7__cxx114listIdSaIdEE3endEv
FNDA:677,_ZNSt7__cxx114listIdSaIdEE3endEv
FN:963,_ZNSt7__cxx114listIcSaIcEE3endEv
FNDA:40,_ZNSt7__cxx114listIcSaIcEE3endEv
FN:972,_ZNKSt7__cxx114listIdSaIdEE3endEv
FNDA:4,_ZNKSt7__cxx114listIdSaIdEE3endEv
FN:972,_ZNKSt7__cxx114listIcSaIcEE3endEv
FNDA:2,_ZNKSt7__cxx114listIcSaIcEE3endEv
FN:1018,_ZNKSt7__cxx114listIdSaIdEE6cbeginEv
FNDA:15,_ZNKSt7__cxx114listIdSaIdEE6cbeginEv
FN:1018,_ZNKSt7__cxx114listIiSaIiEE6cbeginEv
FNDA:58,_ZNKSt7__cxx114listIiSaIiEE6cbeginEv
FN:1027,_ZNKSt7__cxx114listIiSaIiEE4cendEv
FNDA:1,_ZNKSt7__cxx114listIiSaIiEE4cendEv
FN:1027,_ZNKSt7__cxx114listIdSaIdEE4cendEv
FNDA:1,_ZNKSt7__cxx114listIdSaIdEE4cendEv
FN:1055,_ZNKSt7__cxx114listIdSaIdEE5emptyEv
FNDA:76,_ZNKSt7__cxx114listIdSaIdEE5emptyEv
FN:1055,_ZNKSt7__cxx114listIcSaIcEE5emptyEv
FNDA:1,_ZNKSt7__cxx114listIcSaIcEE5emptyEv
FN:1055,_ZNKSt7__cxx114listIiSaIiEE5emptyEv
FNDA:6,_ZNKSt7__cxx114listIiSaIiEE5emptyEv
FN:1060,_ZNKSt7__cxx114listIdSaIdEE4sizeEv
FNDA:267,_ZNKSt7__cxx114listIdSaIdEE4sizeEv
FN:1060,_ZNKSt7__cxx114listIcSaIcEE4sizeEv
FNDA:15,_ZNKSt7__cxx114listIcSaIcEE4sizeEv
FN:1060,_ZNKSt7__cxx114listIiSaIiEE4sizeEv
FNDA:15,_ZNKSt7__cxx114listIiSaIiEE4sizeEv
FN:1060,_ZNKSt7__cxx114listINS_12basic_stringIcSt11char_traitsIcESaIcEEESaIS5_EE4sizeEv
FNDA:6,_ZNKSt7__cxx114listINS_12basic_stringIcSt11char_traitsIcESaIcEEESaIS5_EE4sizeEv
FN:1065,_ZNKSt7__cxx114listIdSaIdEE8max_sizeEv
FNDA:1,_ZNKSt7__cxx114listIdSaIdEE8max_sizeEv
FN:1114,_ZNSt7__cxx114listIdSaIdEE5frontEv
FNDA:68,_ZNSt7__cxx114listIdSaIdEE5frontEv
FN:1114,_ZNSt7__cxx114listIcSaIcEE5frontEv
FNDA:2,_ZNSt7__cxx114listIcSaIcEE5frontEv
FN:1114,_ZNSt7__cxx114listIiSaIiEE5frontEv
FNDA:2,_ZNSt7__cxx114listIiSaIiEE5frontEv
FN:1114,_ZNSt7__cxx114listINS_12basic_stringIcSt11char_traitsIcESaIcEEESaIS5_EE5frontEv
FNDA:2,_ZNSt7__cxx114listINS_12basic_stringIcSt11char_traitsIcESaIcEEESaIS5_EE5frontEv
FN:1130,_ZNSt7__cxx114listINS_12basic_stringIcSt11char_traitsIcESaIcEEESaIS5_EE4backEv
FNDA:2,_ZNSt7__cxx114listINS_12basic_stringIcSt11char_traitsIcESaIcEEESaIS5_EE4backEv
FN:1130,_ZNSt7__cxx114listIdSaIdEE4backEv
FNDA:50,_ZNSt7__cxx114listIdSaIdEE4backEv
FN:1130,_ZNSt7__cxx114listIcSaIcEE4backEv
FNDA:8,_ZNSt7__cxx114listIcSaIcEE4backEv
FN:1130,_ZNSt7__cxx114listIiSaIiEE4backEv
FNDA:2,_ZNSt7__cxx114listIiSaIiEE4backEv
FN:1161,_ZNSt7__cxx114listIiSaIiEE10push_frontERKi
FNDA:3,_ZNSt7__cxx114listIiSaIiEE10push_frontERKi
FN:1166,_ZNSt7__cxx114listIiSaIiEE10push_frontEOi
FNDA:7,_ZNSt7__cxx114listIiSaIiEE10push_frontEOi
FN:1166,_ZNSt7__cxx114listIcSaIcEE10push_frontEOc
FNDA:2,_ZNSt7__cxx114listIcSaIcEE10push_frontEOc
FN:1166,_ZNSt7__cxx114listINS_12basic_stringIcSt11char_traitsIcESaIcEEESaIS5_EE10push_frontEOS5_
FNDA:2,_ZNSt7__cxx114listINS_12basic_stringIcSt11char_traitsIcESaIcEEESaIS5_EE10push_frontEOS5_
FN:1166,_ZNSt7__cxx114listIdSaIdEE10push_frontEOd
FNDA:2,_ZNSt7__cxx114listIdSaIdEE10push_frontEOd
FN:1197,_ZNSt7__cxx114listIdSaIdEE9pop_frontEv
FNDA:42,_ZNSt7__cxx114listIdSaIdEE9pop_frontEv
FN:1211,_ZNSt7__cxx114listIiSaIiEE9push_backERKi
FNDA:4,_ZNSt7__cxx114listIiSaIiEE9push_backERKi
FN:1216,_ZNSt7__cxx114listIdSaIdEE9push_backEOd
FNDA:5,_ZNSt7__cxx114listIdSaIdEE9push_backEOd
FN:1216,_ZNSt7__cxx114listIiSaIiEE9push_backEOi
FNDA:10,_ZNSt7__cxx114listIiSaIiEE9push_backEOi
FN:1216,_ZNSt7__cxx114listIcSaIcEE9push_backEOc
FNDA:2,_ZNSt7__cxx114listIcSaIcEE9push_backEOc
FN:1216,_ZNSt7__cxx114listINS_12basic_stringIcSt11char_traitsIcESaIcEEESaIS5_EE9push_backEOS5_
FNDA:2,_ZNSt7__cxx114listINS_12basic_stringIcSt11char_traitsIcESaIcEEESaIS5_EE9push_backEOS5_
FN:1225,_ZNSt7__cxx114listINS_12basic_stringIcSt11char_traitsIcESaIcEEESaIS5_EE12emplace_backIJRKS5_EEEvDpOT_
FNDA:14,_ZNSt7__cxx114listINS_12basic_stringIcSt11char_traitsIcESaIcEEESaIS5_EE12emplace_backIJRKS5_EEEvDpOT_
FN:1225,_ZNSt7__cxx114listINS_12basic_stringIcSt11char_traitsIcESaIcEEESaIS5_EE12emplace_backIJEEEvDpOT_
FNDA:1,_ZNSt7__cxx114listINS_12basic_stringIcSt11char_traitsIcESaIcEEESaIS5_EE12emplace_backIJEEEvDpOT_
FN:1225,_ZNSt7__cxx114listIiSaIiEE12emplace_backIJEEEvDpOT_
FNDA:8,_ZNSt7__cxx114listIiSaIiEE12emplace_backIJEEEvDpOT_
FN:1225,_ZNSt7__cxx114listIiSaIiEE12emplace_backIJRKiEEEvDpOT_
FNDA:10,_ZNSt7__cxx114listIiSaIiEE12emplace_backIJRKiEEEvDpOT_
FN:1225,_ZNSt7__cxx114listIdSaIdEE12emplace_backIJRKdEEEvDpOT_
FNDA:214,_ZNSt7__cxx114listIdSaIdEE12emplace_backIJRKdEEEvDpOT_
FN:1225,_ZNSt7__cxx114listIcSaIcEE12emplace_backIJRKcEEEvDpOT_
FNDA:17,_ZNSt7__cxx114listIcSaIcEE12emplace_backIJRKcEEEvDpOT_
FN:1246,_ZNSt7__cxx114listIdSaIdEE8pop_backEv
FNDA:22,_ZNSt7__cxx114listIdSaIdEE8pop_backEv
FN:1246,_ZNSt7__cxx114listIcSaIcEE8pop_backEv
FNDA:6,_ZNSt7__cxx114listIcSaIcEE8pop_backEv
FN:1308,_ZNSt7__cxx114listIdSaIdEE6insertESt20_List_const_iteratorIdEOd
FNDA:23,_ZNSt7__cxx114listIdSaIdEE6insertESt20_List_const_iteratorIdEOd
FN:1456,_ZNSt7__cxx114listIdSaIdEE5eraseESt20_List_const_iteratorIdES4_
FNDA:0,_ZNSt7__cxx114listIdSaIdEE5eraseESt20_List_const_iteratorIdES4_
FN:1478,_ZNSt7__cxx114listIdSaIdEE4swapERS2_
FNDA:55,_ZNSt7__cxx114listIdSaIdEE4swapERS2_
FN:1498,_ZNSt7__cxx114listIiSaIiEE5clearEv
FNDA:1,_ZNSt7__cxx114listIiSaIiEE5clearEv
FN:1498,_ZNSt7__cxx114listIdSaIdEE5clearEv
FNDA:0,_ZNSt7__cxx114listIdSaIdEE5clearEv
FN:1518,_ZNSt7__cxx114listIdSaIdEE6spliceESt20_List_const_iteratorIdEOS2_
FNDA:6,_ZNSt7__cxx114listIdSaIdEE6spliceESt20_List_const_iteratorIdEOS2_
FN:1537,_ZNSt7__cxx114listIdSaIdEE6spliceESt20_List_const_iteratorIdERS2_
FNDA:6,_ZNSt7__cxx114listIdSaIdEE6spliceESt20_List_const_iteratorIdERS2_
FN:1553,_ZNSt7__cxx114listIdSaIdEE6spliceESt20_List_const_iteratorIdEOS2_S4_
FNDA:31,_ZNSt7__cxx114listIdSaIdEE6spliceESt20_List_const_iteratorIdEOS2_S4_
FN:1595,_ZNSt7__cxx114listIdSaIdEE6spliceESt20_List_const_iteratorIdERS2_S4_
FNDA:31,_ZNSt7__cxx114listIdSaIdEE6spliceESt20_List_const_iteratorIdERS2_S4_
FN:1757,_ZNSt7__cxx114listIdSaIdEE5mergeERS2_
FNDA:30,_ZNSt7__cxx114listIdSaIdEE5mergeERS2_
FN:1798,_ZNSt7__cxx114listIdSaIdEE7reverseEv
FNDA:1,_ZNSt7__cxx114listIdSaIdEE7reverseEv
FN:1835,_ZNSt7__cxx114listINS_12basic_stringIcSt11char_traitsIcESaIcEEESaIS5_EE22_M_initialize_dispatchIPKS5_EEvT_SB_St12__false_type
FNDA:2,_ZNSt7__cxx114listINS_12basic_stringIcSt11char_traitsIcESaIcEEESaIS5_EE22_M_initialize_dispatchIPKS5_EEvT_SB_St12__false_type
FN:1835,_ZNSt7__cxx114listIiSaIiEE22_M_initialize_dispatchIPKiEEvT_S6_St12__false_type
FNDA:3,_ZNSt7__cxx114listIiSaIiEE22_M_initialize_dispatchIPKiEEvT_S6_St12__false_type
FN:1835,_ZNSt7__cxx114listIcSaIcEE22_M_initialize_dispatchISt20_List_const_iteratorIcEEEvT_S6_St12__false_type
FNDA:2,_ZNSt7__cxx114listIcSaIcEE22_M_initialize_dispatchISt20_List_const_iteratorIcEEEvT_S6_St12__false_type
FN:1835,_ZNSt7__cxx114listIdSaIdEE22_M_initialize_dispatchISt20_List_const_iteratorIdEEEvT_S6_St12__false_type
FNDA:4,_ZNSt7__cxx114listIdSaIdEE22_M_initialize_dispatchISt20_List_const_iteratorIdEEEvT_S6_St12__false_type
FN:1835,_ZNSt7__cxx114listIdSaIdEE22_M_initialize_dispatchIPKdEEvT_S6_St12__false_type
FNDA:30,_ZNSt7__cxx114listIdSaIdEE22_M_initialize_dispatchIPKdEEvT_S6_St12__false_type
FN:1835,_ZNSt7__cxx114listIcSaIcEE22_M_initialize_dispatchIPKcEEvT_S6_St12__false_type
FNDA:3,_ZNSt7__cxx114listIcSaIcEE22_M_initialize_dispatchIPKcEEvT_S6_St12__false_type
FN:1858,_ZNSt7__cxx114listIiSaIiEE21_M_default_initializeEm
FNDA:3,_ZNSt7__cxx114listIiSaIiEE21_M_default_initializeEm
FN:1858,_ZNSt7__cxx114listINS_12basic_stringIcSt11char_traitsIcESaIcEEESaIS5_EE21_M_default_initializeEm
FNDA:2,_ZNSt7__cxx114listINS_12basic_stringIcSt11char_traitsIcESaIcEEESaIS5_EE21_M_default_initializeEm
FN:1894,_ZNSt7__cxx114listIdSaIdEE11_M_transferESt14_List_iteratorIdES4_S4_
FNDA:86,_ZNSt7__cxx114listIdSaIdEE11_M_transferESt14_List_iteratorIdES4_S4_
FN:1909,_ZNSt7__cxx114listIdSaIdEE9_M_insertIJRKdEEEvSt14_List_iteratorIdEDpOT_
FNDA:214,_ZNSt7__cxx114listIdSaIdEE9_M_insertIJRKdEEEvSt14_List_iteratorIdEDpOT_
FN:1909,_ZNSt7__cxx114listINS_12basic_stringIcSt11char_traitsIcESaIcEEESaIS5_EE9_M_insertIJS5_EEEvSt14_List_iteratorIS5_EDpOT_
FNDA:4,_ZNSt7__cxx114listINS_12basic_stringIcSt11char_traitsIcESaIcEEESaIS5_EE9_M_insertIJS5_EEEvSt14_List_iteratorIS5_EDpOT_
FN:1909,_ZNSt7__cxx114listIcSaIcEE9_M_insertIJcEEEvSt14_List_iteratorIcEDpOT_
FNDA:4,_ZNSt7__cxx114listIcSaIcEE9_M_insertIJcEEEvSt14_List_iteratorIcEDpOT_
FN:1909,_ZNSt7__cxx114listINS_12basic_stringIcSt11char_traitsIcESaIcEEESaIS5_EE9_M_insertIJRKS5_EEEvSt14_List_iteratorIS5_EDpOT_
FNDA:14,_ZNSt7__cxx114listINS_12basic_stringIcSt11char_traitsIcESaIcEEESaIS5_EE9_M_insertIJRKS5_EEEvSt14_List_iteratorIS5_EDpOT_
FN:1909,_ZNSt7__cxx114listIdSaIdEE9_M_insertIJdEEEvSt14_List_iteratorIdEDpOT_
FNDA:7,_ZNSt7__cxx114listIdSaIdEE9_M_insertIJdEEEvSt14_List_iteratorIdEDpOT_
FN:1909,_ZNSt7__cxx114listIcSaIcEE9_M_insertIJRKcEEEvSt14_List_iteratorIcEDpOT_
FNDA:17,_ZNSt7__cxx114listIcSaIcEE9_M_insertIJRKcEEEvSt14_List_iteratorIcEDpOT_
FN:1909,_ZNSt7__cxx114listIiSaIiEE9_M_insertIJiEEEvSt14_List_iteratorIiEDpOT_
FNDA:17,_ZNSt7__cxx114listIiSaIiEE9_M_insertIJiEEEvSt14_List_iteratorIiEDpOT_
FN:1909,_ZNSt7__cxx114listIiSaIiEE9_M_insertIJRKiEEEvSt14_List_iteratorIiEDpOT_
FNDA:17,_ZNSt7__cxx114listIiSaIiEE9_M_insertIJRKiEEEvSt14_List_iteratorIiEDpOT_
FN:1909,_ZNSt7__cxx114listIiSaIiEE9_M_insertIJEEEvSt14_List_iteratorIiEDpOT_
FNDA:8,_ZNSt7__cxx114listIiSaIiEE9_M_insertIJEEEvSt14_List_iteratorIiEDpOT_
FN:1909,_ZNSt7__cxx114listINS_12basic_stringIcSt11char_traitsIcESaIcEEESaIS5_EE9_M_insertIJEEEvSt14_List_iteratorIS5_EDpOT_
FNDA:1,_ZNSt7__cxx114listINS_12basic_stringIcSt11char_traitsIcESaIcEEESaIS5_EE9_M_insertIJEEEvSt14_List_iteratorIS5_EDpOT_
FN:1919,_ZNSt7__cxx114listIdSaIdEE8_M_eraseESt14_List_iteratorIdE
FNDA:70,_ZNSt7__cxx114listIdSaIdEE8_M_eraseESt14_List_iteratorIdE
FN:1919,_ZNSt7__cxx114listINS_12basic_stringIcSt11char_traitsIcESaIcEEESaIS5_EE8_M_eraseESt14_List_iteratorIS5_E
FNDA:0,_ZNSt7__cxx114listINS_12basic_stringIcSt11char_traitsIcESaIcEEESaIS5_EE8_M_eraseESt14_List_iteratorIS5_E
FN:1919,_ZNSt7__cxx114listIcSaIcEE8_M_eraseESt14_List_iteratorIcE
FNDA:6,_ZNSt7__cxx114listIcSaIcEE8_M_eraseESt14_List_iteratorIcE
FN:1935,_ZNSt7__cxx114listIdSaIdEE25_M_check_equal_allocatorsERS2_
FNDA:67,_ZNSt7__cxx114listIdSaIdEE25_M_check_equal_allocatorsERS2_
FN:1948,_ZNSt7__cxx114listIdSaIdEE14_M_move_assignEOS2_St17integral_constantIbLb1EE
FNDA:2,_ZNSt7__cxx114listIdSaIdEE14_M_move_assignEOS2_St17integral_constantIbLb1EE
FNF:229
FNH:223
DA:109,398
DA:110,398
DA:113,4
DA:114,4
DA:116,4
DA:119,4
DA:120,1
DA:123,3
DA:124,3
DA:126,4
DA:129,2
DA:131,2
DA:132,2
DA:133,0
DA:136,2
DA:137,2
DA:138,2
DA:139,2
DA:141,2
DA:143,2
DA:145,2
DA:149,404
DA:151,404
DA:153,404
DA:155,404
DA:158,15
DA:170,49
DA:170,72
DA:170,1236
DA:170,292
DA:171,6
DA:171,59
DA:171,93
DA:200,34
DA:201,34
DA:200,64
DA:201,64
DA:200,1324
DA:201,1324
DA:200,191
DA:201,191
DA:209,11
DA:210,11
DA:209,30
DA:210,30
DA:209,748
DA:210,748
DA:209,208
DA:210,208
DA:217,1
DA:219,1
DA:220,1
DA:217,16
DA:219,16
DA:220,16
DA:217,2
DA:219,2
DA:220,2
DA:217,167
DA:219,167
DA:220,167
DA:224,17
DA:226,17
DA:227,17
DA:228,17
DA:224,2
DA:226,2
DA:227,2
DA:228,2
DA:224,66
DA:226,66
DA:227,66
DA:228,66
DA:232,23
DA:234,23
DA:235,23
DA:232,4
DA:234,4
DA:235,4
DA:232,25
DA:234,25
DA:235,25
DA:232,273
DA:234,273
DA:235,273
DA:239,18
DA:241,18
DA:242,18
DA:243,18
DA:239,2
DA:241,2
DA:242,2
DA:243,2
DA:239,7
DA:241,7
DA:242,7
DA:243,7
DA:247,2
DA:248,2
DA:247,12
DA:248,12
DA:252,1
DA:253,1
DA:252,9
DA:253,9
DA:252,7
DA:253,7
DA:252,331
DA:253,331
DA:282,4
DA:284,4
DA:282,59
DA:284,59
DA:282,24
DA:284,24
DA:286,193
DA:287,193
DA:290,126
DA:291,126
DA:295,6
DA:296,6
DA:295,59
DA:296,59
DA:295,93
DA:296,93
DA:303,6
DA:305,6
DA:306,6
DA:303,134
DA:305,134
DA:306,134
DA:310,26
DA:312,26
DA:313,26
DA:314,26
DA:318,0
DA:320,0
DA:321,0
DA:333,64
DA:334,64
DA:338,8
DA:339,8
DA:338,103
DA:339,103
DA:379,2
DA:381,2
DA:382,2
DA:379,2
DA:381,2
DA:382,2
DA:379,337
DA:381,337
DA:382,337
DA:379,8
DA:381,8
DA:382,8
DA:389,2
DA:389,2
DA:395,4
DA:396,4
DA:397,4
DA:395,5
DA:396,5
DA:397,5
DA:395,34
DA:396,34
DA:397,34
DA:395,6
DA:396,6
DA:397,6
DA:404,6
DA:404,15
DA:404,15
DA:404,413
DA:406,146
DA:408,42
DA:408,19
DA:408,21
DA:408,311
DA:410,0
DA:410,6
DA:410,101
DA:441,42
DA:442,42
DA:441,19
DA:442,19
DA:441,21
DA:442,21
DA:441,244
DA:442,244
DA:445,19
DA:446,19
DA:445,21
DA:446,21
DA:445,244
DA:446,244
DA:445,42
DA:446,42
DA:452,38
DA:453,38
DA:452,42
DA:453,42
DA:452,84
DA:453,84
DA:452,736
DA:453,736
DA:456,2
DA:457,2
DA:456,5
DA:457,5
DA:460,2
DA:460,2
DA:460,337
DA:460,8
DA:470,2
DA:470,2
DA:488,4
DA:489,4
DA:490,4
DA:488,5
DA:489,5
DA:490,5
DA:488,34
DA:489,34
DA:490,34
DA:488,6
DA:489,6
DA:490,6
DA:493,2
DA:494,2
DA:498,6
DA:499,6
DA:498,9
DA:499,9
DA:498,373
DA:499,373
DA:498,14
DA:499,14
DA:505,0
DA:506,0
DA:505,1
DA:506,1
DA:632,14
DA:634,14
DA:635,14
DA:636,14
DA:637,14
DA:639,14
DA:640,28
DA:632,1
DA:634,1
DA:635,1
DA:636,1
DA:637,1
DA:639,1
DA:640,2
DA:632,17
DA:634,17
DA:635,17
DA:636,17
DA:637,17
DA:639,17
DA:640,34
DA:632,214
DA:634,214
DA:635,214
DA:636,214
DA:637,214
DA:639,214
DA:640,428
DA:632,8
DA:634,8
DA:635,8
DA:636,8
DA:637,8
DA:639,8
DA:640,16
DA:632,17
DA:634,17
DA:635,17
DA:636,17
DA:637,17
DA:639,17
DA:640,34
DA:632,17
DA:634,17
DA:635,17
DA:636,17
DA:637,17
DA:639,17
DA:640,34
DA:632,4
DA:634,4
DA:635,4
DA:636,4
DA:637,4
DA:639,4
DA:640,8
DA:632,4
DA:634,4
DA:635,4
DA:636,4
DA:637,4
DA:639,4
DA:640,8
DA:632,30
DA:634,30
DA:635,30
DA:636,30
DA:637,30
DA:639,30
DA:640,60
DA:651,6
DA:652,6
DA:651,15
DA:652,15
DA:651,267
DA:652,267
DA:651,15
DA:652,15
DA:673,2
DA:673,2
DA:673,337
DA:673,8
DA:696,2
DA:697,2
DA:698,2
DA:696,3
DA:697,3
DA:698,3
DA:735,2
DA:737,2
DA:738,2
DA:735,2
DA:737,2
DA:738,2
DA:748,2
DA:748,2
DA:758,2
DA:760,2
DA:761,2
DA:758,3
DA:760,3
DA:761,3
DA:758,30
DA:760,30
DA:761,30
DA:758,3
DA:760,3
DA:761,3
DA:803,2
DA:805,2
DA:806,2
DA:827,6
DA:827,9
DA:827,373
DA:827,14
DA:853,2
DA:856,2
DA:859,2
DA:860,2
DA:936,2
DA:937,2
DA:945,11
DA:946,11
DA:945,18
DA:946,18
DA:945,472
DA:946,472
DA:945,82
DA:946,82
DA:954,2
DA:955,2
DA:954,4
DA:955,4
DA:963,23
DA:964,23
DA:963,40
DA:964,40
DA:963,677
DA:964,677
DA:963,109
DA:964,109
DA:972,2
DA:973,2
DA:972,4
DA:973,4
DA:1018,58
DA:1019,58
DA:1018,15
DA:1019,15
DA:1027,1
DA:1028,1
DA:1027,1
DA:1028,1
DA:1055,1
DA:1056,1
DA:1055,76
DA:1056,76
DA:1055,6
DA:1056,6
DA:1060,6
DA:1061,6
DA:1060,15
DA:1061,15
DA:1060,267
DA:1061,267
DA:1060,15
DA:1061,15
DA:1065,1
DA:1066,1
DA:1114,2
DA:1115,2
DA:1114,2
DA:1115,2
DA:1114,68
DA:1115,68
DA:1114,2
DA:1115,2
DA:1130,2
DA:1132,2
DA:1133,2
DA:1134,2
DA:1130,8
DA:1132,8
DA:1133,8
DA:1134,8
DA:1130,50
DA:1132,50
DA:1133,50
DA:1134,50
DA:1130,2
DA:1132,2
DA:1133,2
DA:1134,2
DA:1161,3
DA:1162,3
DA:1166,7
DA:1167,7
DA:1166,2
DA:1167,2
DA:1166,2
DA:1167,2
DA:1166,2
DA:1167,2
DA:1197,42
DA:1198,42
DA:1211,4
DA:1212,4
DA:1216,10
DA:1217,10
DA:1216,2
DA:1217,2
DA:1216,2
DA:1217,2
DA:1216,5
DA:1217,5
DA:1225,14
DA:1227,14
DA:1231,14
DA:1225,1
DA:1227,1
DA:1231,1
DA:1225,17
DA:1227,17
DA:1231,17
DA:1225,214
DA:1227,214
DA:1231,214
DA:1225,10
DA:1227,10
DA:1231,10
DA:1225,8
DA:1227,8
DA:1231,8
DA:1246,6
DA:1247,6
DA:1246,22
DA:1247,22
DA:1308,23
DA:1309,23
DA:1456,0
DA:1461,0
DA:1462,0
DA:1463,0
DA:1478,55
DA:1480,55
DA:1483,55
DA:1484,55
DA:1485,55
DA:1487,55
DA:1488,55
DA:1489,55
DA:1498,0
DA:1500,0
DA:1501,0
DA:1502,0
DA:1498,1
DA:1500,1
DA:1501,1
DA:1502,1
DA:1518,6
DA:1523,6
DA:1525,6
DA:1527,6
DA:1530,6
DA:1531,6
DA:1533,6
DA:1537,6
DA:1538,6
DA:1553,31
DA:1568,31
DA:1569,31
DA:1570,31
DA:1571,0
DA:1573,31
DA:1574,31
DA:1576,31
DA:1579,31
DA:1580,31
DA:1595,31
DA:1596,31
DA:1757,30
DA:1758,30
DA:1798,1
DA:1799,1
DA:1835,16
DA:1838,16
DA:1840,14
DA:1844,2
DA:1835,8
DA:1838,8
DA:1840,6
DA:1844,2
DA:1835,32
DA:1838,32
DA:1840,28
DA:1844,4
DA:1835,14
DA:1838,14
DA:1840,11
DA:1844,3
DA:1835,216
DA:1838,216
DA:1840,186
DA:1844,30
DA:1835,13
DA:1838,13
DA:1840,10
DA:1844,3
DA:1858,3
DA:1860,3
DA:1861,1
DA:1862,2
DA:1858,11
DA:1860,11
DA:1861,8
DA:1862,3
DA:1894,86
DA:1895,86
DA:1909,14
DA:1911,14
DA:1912,14
DA:1913,14
DA:1914,14
DA:1909,1
DA:1911,1
DA:1912,1
DA:1913,1
DA:1914,1
DA:1909,17
DA:1911,17
DA:1912,17
DA:1913,17
DA:1914,17
DA:1909,214
DA:1911,214
DA:1912,214
DA:1913,214
DA:1914,214
DA:1909,8
DA:1911,8
DA:1912,8
DA:1913,8
DA:1914,8
DA:1909,17
DA:1911,17
DA:1912,17
DA:1913,17
DA:1914,17
DA:1909,17
DA:1911,17
DA:1912,17
DA:1913,17
DA:1914,17
DA:1909,4
DA:1911,4
DA:1912,4
DA:1913,4
DA:1914,4
DA:1909,4
DA:1911,4
DA:1912,4
DA:1913,4
DA:1914,4
DA:1909,7
DA:1911,7
DA:1912,7
DA:1913,7
DA:1914,7
DA:1919,0
DA:1921,0
DA:1922,0
DA:1923,0
DA:1925,0
DA:1930,0
DA:1931,0
DA:1919,6
DA:1921,6
DA:1922,6
DA:1923,6
DA:1925,6
DA:1930,6
DA:1931,6
DA:1919,70
DA:1921,70
DA:1922,70
DA:1923,70
DA:1925,70
DA:1930,70
DA:1931,70
DA:1935,67
DA:1937,67
DA:1938,67
DA:1939,0
DA:1940,67
DA:1948,2
DA:1950,2
DA:1951,2
DA:1952,2
DA:1953,2
DA:1954,2
LF:642
LH:618
end_of_record
SF:/usr/local/include/c++/10.3.0/ext/alloc_traits.h
FN:97,_ZN9__gnu_cxx14__alloc_traitsISaISt10_List_nodeIcEES2_E17_S_select_on_copyERKS3_
FNDA:2,_ZN9__gnu_cxx14__alloc_traitsISaISt10_List_nodeIcEES2_E17_S_select_on_copyERKS3_
FN:97,_ZN9__gnu_cxx14__alloc_traitsISaISt10_List_nodeIdEES2_E17_S_select_on_copyERKS3_
FNDA:2,_ZN9__gnu_cxx14__alloc_traitsISaISt10_List_nodeIdEES2_E17_S_select_on_copyERKS3_
FN:100,_ZN9__gnu_cxx14__alloc_traitsISaISt10_List_nodeIdEES2_E10_S_on_swapERS3_S5_
FNDA:55,_ZN9__gnu_cxx14__alloc_traitsISaISt10_List_nodeIdEES2_E10_S_on_swapERS3_S5_
FN:103,_ZN9__gnu_cxx14__alloc_traitsISaISt10_List_nodeIdEES2_E27_S_propagate_on_copy_assignEv
FNDA:2,_ZN9__gnu_cxx14__alloc_traitsISaISt10_List_nodeIdEES2_E27_S_propagate_on_copy_assignEv
FN:112,_ZN9__gnu_cxx14__alloc_traitsISaISt10_List_nodeIdEES2_E15_S_always_equalEv
FNDA:0,_ZN9__gnu_cxx14__alloc_traitsISaISt10_List_nodeIdEES2_E15_S_always_equalEv
FNF:5
FNH:4
DA:97,2
DA:98,2
DA:97,2
DA:98,2
DA:100,55
DA:101,55
DA:103,2
DA:104,2
DA:112,0
DA:113,0
LF:10
LH:8
end_of_record
SF:/usr/local/include/gtest/internal/gtest-internal.h
FN:456,_ZN7testing8internal15TestFactoryBaseD2Ev
FNDA:0,_ZN7testing8internal15TestFactoryBaseD2Ev
FN:463,_ZN7testing8internal15TestFactoryBaseC2Ev
FNDA:0,_ZN7testing8internal15TestFactoryBaseC2Ev
FN:474,_ZN7testing8internal15TestFactoryImplI18List_Insert_2_TestE10CreateTestEv
FNDA:1,_ZN7testing8internal15TestFactoryImplI18List_Insert_2_TestE10CreateTestEv
FN:474,_ZN7testing8internal15TestFactoryImplI17List_Erase_1_TestE10CreateTestEv
FNDA:1,_ZN7testing8internal15TestFactoryImplI17List_Erase_1_TestE10CreateTestEv
FN:474,_ZN7testing8internal15TestFactoryImplI29List_Сonstructor_null_1_TestE10CreateTestEv
FNDA:1,_ZN7testing8internal15TestFactoryImplI29List_Сonstructor_null_1_TestE10CreateTestEv
FN:474,_ZN7testing8internal15TestFactoryImplI17List_Erase_2_TestE10CreateTestEv
FNDA:1,_ZN7testing8internal15TestFactoryImplI17List_Erase_2_TestE10CreateTestEv
FN:474,_ZN7testing8internal15TestFactoryImplI14List_Swap_TestE10CreateTestEv
FNDA:1,_ZN7testing8internal15TestFactoryImplI14List_Swap_TestE10CreateTestEv
FN:474,_ZN7testing8internal15TestFactoryImplI17List_Merge_1_TestE10CreateTestEv
FNDA:1,_ZN7testing8internal15TestFactoryImplI17List_Merge_1_TestE10CreateTestEv
FN:474,_ZN7testing8internal15TestFactoryImplI17List_Merge_2_TestE10CreateTestEv
FNDA:1,_ZN7testing8internal15TestFactoryImplI17List_Merge_2_TestE10CreateTestEv
FN:474,_ZN7testing8internal15TestFactoryImplI18List_Splice_0_TestE10CreateTestEv
FNDA:1,_ZN7testing8internal15TestFactoryImplI18List_Splice_0_TestE10CreateTestEv
FN:474,_ZN7testing8internal15TestFactoryImplI18List_Splice_1_TestE10CreateTestEv
FNDA:1,_ZN7testing8internal15TestFactoryImplI18List_Splice_1_TestE10CreateTestEv
FN:474,_ZN7testing8internal15TestFactoryImplI18List_Splice_2_TestE10CreateTestEv
FNDA:1,_ZN7testing8internal15TestFactoryImplI18List_Splice_2_TestE10CreateTestEv
FN:474,_ZN7testing8internal15TestFactoryImplI18List_Splice_3_TestE10CreateTestEv
FNDA:1,_ZN7testing8internal15TestFactoryImplI18List_Splice_3_TestE10CreateTestEv
FN:474,_ZN7testing8internal15TestFactoryImplI17List_Reverse_TestE10CreateTestEv
FNDA:1,_ZN7testing8internal15TestFactoryImplI17List_Reverse_TestE10CreateTestEv
FN:474,_ZN7testing8internal15TestFactoryImplI18List_Unique_0_TestE10CreateTestEv
FNDA:1,_ZN7testing8internal15TestFactoryImplI18List_Unique_0_TestE10CreateTestEv
FN:474,_ZN7testing8internal15TestFactoryImplI18List_Unique_1_TestE10CreateTestEv
FNDA:1,_ZN7testing8internal15TestFactoryImplI18List_Unique_1_TestE10CreateTestEv
FN:474,_ZN7testing8internal15TestFactoryImplI14List_Sort_TestE10CreateTestEv
FNDA:1,_ZN7testing8internal15TestFactoryImplI14List_Sort_TestE10CreateTestEv
FN:474,_ZN7testing8internal15TestFactoryImplI18List_Max_size_TestE10CreateTestEv
FNDA:1,_ZN7testing8internal15TestFactoryImplI18List_Max_size_TestE10CreateTestEv
FN:474,_ZN7testing8internal15TestFactoryImplI19List_Begin_End_TestE10CreateTestEv
FNDA:1,_ZN7testing8internal15TestFactoryImplI19List_Begin_End_TestE10CreateTestEv
FN:474,_ZN7testing8internal15TestFactoryImplI15List_Begin_TestE10CreateTestEv
FNDA:1,_ZN7testing8internal15TestFactoryImplI15List_Begin_TestE10CreateTestEv
FN:474,_ZN7testing8internal15TestFactoryImplI15List_End_1_TestE10CreateTestEv
FNDA:1,_ZN7testing8internal15TestFactoryImplI15List_End_1_TestE10CreateTestEv
FN:474,_ZN7testing8internal15TestFactoryImplI30ListIteratorTest_Equality_TestE10CreateTestEv
FNDA:1,_ZN7testing8internal15TestFactoryImplI30ListIteratorTest_Equality_TestE10CreateTestEv
FN:474,_ZN7testing8internal15TestFactoryImplI37ListIteratorTest_CopyConstructor_TestE10CreateTestEv
FNDA:1,_ZN7testing8internal15TestFactoryImplI37ListIteratorTest_CopyConstructor_TestE10CreateTestEv
FN:474,_ZN7testing8internal15TestFactoryImplI31ListIteratorTest_Increment_TestE10CreateTestEv
FNDA:1,_ZN7testing8internal15TestFactoryImplI31ListIteratorTest_Increment_TestE10CreateTestEv
FN:474,_ZN7testing8internal15TestFactoryImplI31ListIteratorTest_Decrement_TestE10CreateTestEv
FNDA:1,_ZN7testing8internal15TestFactoryImplI31ListIteratorTest_Decrement_TestE10CreateTestEv
FN:474,_ZN7testing8internal15TestFactoryImplI14List_Back_TestE10CreateTestEv
FNDA:1,_ZN7testing8internal15TestFactoryImplI14List_Back_TestE10CreateTestEv
FN:474,_ZN7testing8internal15TestFactoryImplI29List_Сonstructor_size_0_TestE10CreateTestEv
FNDA:1,_ZN7testing8internal15TestFactoryImplI29List_Сonstructor_size_0_TestE10CreateTestEv
FN:474,_ZN7testing8internal15TestFactoryImplI29List_Сonstructor_size_1_TestE10CreateTestEv
FNDA:1,_ZN7testing8internal15TestFactoryImplI29List_Сonstructor_size_1_TestE10CreateTestEv
FN:474,_ZN7testing8internal15TestFactoryImplI38List_Сonstructor_pushback_size_1_TestE10CreateTestEv
FNDA:1,_ZN7testing8internal15TestFactoryImplI38List_Сonstructor_pushback_size_1_TestE10CreateTestEv
FN:474,_ZN7testing8internal15TestFactoryImplI38List_Сonstructor_pushback_size_2_TestE10CreateTestEv
FNDA:1,_ZN7testing8internal15TestFactoryImplI38List_Сonstructor_pushback_size_2_TestE10CreateTestEv
FN:474,_ZN7testing8internal15TestFactoryImplI27List_Create_and_size_1_TestE10CreateTestEv
FNDA:1,_ZN7testing8internal15TestFactoryImplI27List_Create_and_size_1_TestE10CreateTestEv
FN:474,_ZN7testing8internal15TestFactoryImplI29List_Constructor_Default_TestE10CreateTestEv
FNDA:1,_ZN7testing8internal15TestFactoryImplI29List_Constructor_Default_TestE10CreateTestEv
FN:474,_ZN7testing8internal15TestFactoryImplI15List_Clear_TestE10CreateTestEv
FNDA:1,_ZN7testing8internal15TestFactoryImplI15List_Clear_TestE10CreateTestEv
FN:474,_ZN7testing8internal15TestFactoryImplI26List_Initializer_list_TestE10CreateTestEv
FNDA:1,_ZN7testing8internal15TestFactoryImplI26List_Initializer_list_TestE10CreateTestEv
FN:474,_ZN7testing8internal15TestFactoryImplI38List_Constructor_Initializer_List_TestE10CreateTestEv
FNDA:1,_ZN7testing8internal15TestFactoryImplI38List_Constructor_Initializer_List_TestE10CreateTestEv
FN:474,_ZN7testing8internal15TestFactoryImplI29List_Front_s21_List_back_TestE10CreateTestEv
FNDA:1,_ZN7testing8internal15TestFactoryImplI29List_Front_s21_List_back_TestE10CreateTestEv
FN:474,_ZN7testing8internal15TestFactoryImplI18List_Insert_1_TestE10CreateTestEv
FNDA:1,_ZN7testing8internal15TestFactoryImplI18List_Insert_1_TestE10CreateTestEv
FN:474,_ZN7testing8internal15TestFactoryImplI15List_Front_TestE10CreateTestEv
FNDA:1,_ZN7testing8internal15TestFactoryImplI15List_Front_TestE10CreateTestEv
FN:474,_ZN7testing8internal15TestFactoryImplI19List_Push_back_TestE10CreateTestEv
FNDA:1,_ZN7testing8internal15TestFactoryImplI19List_Push_back_TestE10CreateTestEv
FN:474,_ZN7testing8internal15TestFactoryImplI20List_Push_front_TestE10CreateTestEv
FNDA:1,_ZN7testing8internal15TestFactoryImplI20List_Push_front_TestE10CreateTestEv
FN:474,_ZN7testing8internal15TestFactoryImplI18List_Pop_back_TestE10CreateTestEv
FNDA:1,_ZN7testing8internal15TestFactoryImplI18List_Pop_back_TestE10CreateTestEv
FN:474,_ZN7testing8internal15TestFactoryImplI24List_Pop_back_empty_TestE10CreateTestEv
FNDA:1,_ZN7testing8internal15TestFactoryImplI24List_Pop_back_empty_TestE10CreateTestEv
FN:474,_ZN7testing8internal15TestFactoryImplI19List_Pop_front_TestE10CreateTestEv
FNDA:1,_ZN7testing8internal15TestFactoryImplI19List_Pop_front_TestE10CreateTestEv
FN:474,_ZN7testing8internal15TestFactoryImplI25List_Pop_front_empty_TestE10CreateTestEv
FNDA:1,_ZN7testing8internal15TestFactoryImplI25List_Pop_front_empty_TestE10CreateTestEv
FN:474,_ZN7testing8internal15TestFactoryImplI19List_Copy_list_TestE10CreateTestEv
FNDA:1,_ZN7testing8internal15TestFactoryImplI19List_Copy_list_TestE10CreateTestEv
FN:474,_ZN7testing8internal15TestFactoryImplI19List_Copy_char_TestE10CreateTestEv
FNDA:1,_ZN7testing8internal15TestFactoryImplI19List_Copy_char_TestE10CreateTestEv
FN:474,_ZN7testing8internal15TestFactoryImplI17List_Copy_op_TestE10CreateTestEv
FNDA:1,_ZN7testing8internal15TestFactoryImplI17List_Copy_op_TestE10CreateTestEv
FN:474,_ZN7testing8internal15TestFactoryImplI19List_Move_list_TestE10CreateTestEv
FNDA:1,_ZN7testing8internal15TestFactoryImplI19List_Move_list_TestE10CreateTestEv
FN:474,_ZN7testing8internal15TestFactoryImplI19List_Move_char_TestE10CreateTestEv
FNDA:1,_ZN7testing8internal15TestFactoryImplI19List_Move_char_TestE10CreateTestEv
FN:474,_ZN7testing8internal15TestFactoryImplI17List_Move_op_TestE10CreateTestEv
FNDA:1,_ZN7testing8internal15TestFactoryImplI17List_Move_op_TestE10CreateTestEv
FN:495,_ZN7testing8internal12CodeLocationC1ERKNSt7__cxx1112basic_stringIcSt11char_traitsIcESaIcEEEi
FNDA:48,_ZN7testing8internal12CodeLocationC1ERKNSt7__cxx1112basic_stringIcSt11char_traitsIcESaIcEEEi
FN:508,_ZN7testing8internal19GetNotDefaultOrNullEPFvvES2_
FNDA:192,_ZN7testing8internal19GetNotDefaultOrNullEPFvvES2_
FN:523,_ZN7testing8internal16SuiteApiResolverINS_4TestEE19GetSetUpCaseOrSuiteEPKci
FNDA:48,_ZN7testing8internal16SuiteApiResolverINS_4TestEE19GetSetUpCaseOrSuiteEPKci
FN:544,_ZN7testing8internal16SuiteApiResolverINS_4TestEE22GetTearDownCaseOrSuiteEPKci
FNDA:48,_ZN7testing8internal16SuiteApiResolverINS_4TestEE22GetTearDownCaseOrSuiteEPKci
FNF:54
FNH:52
DA:456,0
DA:463,0
DA:474,1
DA:474,1
DA:474,1
DA:474,1
DA:474,1
DA:474,1
DA:474,1
DA:474,1
DA:474,1
DA:474,1
DA:474,1
DA:474,1
DA:474,1
DA:474,1
DA:474,1
DA:474,1
DA:474,1
DA:474,1
DA:474,1
DA:474,1
DA:474,1
DA:474,1
DA:474,1
DA:474,1
DA:474,1
DA:474,1
DA:474,1
DA:474,1
DA:474,1
DA:474,1
DA:474,1
DA:474,1
DA:474,1
DA:474,1
DA:474,1
DA:474,1
DA:474,1
DA:474,1
DA:474,1
DA:474,1
DA:474,1
DA:474,1
DA:474,1
DA:474,1
DA:474,1
DA:474,1
DA:474,1
DA:474,1
DA:495,48
DA:496,48
DA:508,192
DA:510,192
DA:523,48
DA:527,48
DA:529,48
DA:531,48
DA:534,0
DA:536,48
DA:544,48
DA:548,48
DA:550,48
DA:552,48
DA:555,0
DA:557,48
LF:66
LH:62
end_of_record
SF:/usr/local/include/c++/10.3.0/new
FN:174,_ZnwmPv
FNDA:440,_ZnwmPv
FN:180,_ZdlPvS_
FNDA:0,_ZdlPvS_
FNF:2
FNH:1
DA:174,440
DA:175,440
DA:180,0
LF:3
LH:2
end_of_record
SF:/usr/local/include/gtest/gtest-message.h
FN:114,_ZN7testing7MessagelsIA5_cEERS0_RKT_
FNDA:0,_ZN7testing7MessagelsIA5_cEERS0_RKT_
FN:114,_ZN7testing7MessagelsINSt7__cxx1112basic_stringIcSt11char_traitsIcESaIcEEEEERS0_RKT_
FNDA:0,_ZN7testing7MessagelsINSt7__cxx1112basic_stringIcSt11char_traitsIcESaIcEEEEERS0_RKT_
FN:114,_ZN7testing7MessagelsIA3_cEERS0_RKT_
FNDA:0,_ZN7testing7MessagelsIA3_cEERS0_RKT_
FN:114,_ZN7testing7MessagelsIA12_cEERS0_RKT_
FNDA:0,_ZN7testing7MessagelsIA12_cEERS0_RKT_
FN:148,_ZN7testing7MessagelsIKcEERS0_RKPT_
FNDA:21,_ZN7testing7MessagelsIKcEERS0_RKPT_
FNF:5
FNH:1
DA:114,0
DA:130,0
DA:131,0
DA:114,0
DA:130,0
DA:131,0
DA:114,0
DA:130,0
DA:131,0
DA:114,0
DA:130,0
DA:131,0
DA:148,21
DA:149,21
DA:150,0
DA:152,21
DA:154,21
LF:17
LH:4
end_of_record
SF:/usr/local/include/c++/10.3.0/ext/new_allocator.h
FN:79,_ZN9__gnu_cxx13new_allocatorIN3s214ListINSt7__cxx1112basic_stringIcSt11char_traitsIcESaIcEEEE4NodeEEC2Ev
FNDA:10,_ZN9__gnu_cxx13new_allocatorIN3s214ListINSt7__cxx1112basic_stringIcSt11char_traitsIcESaIcEEEE4NodeEEC2Ev
FN:79,_ZN9__gnu_cxx13new_allocatorIiEC2Ev
FNDA:0,_ZN9__gnu_cxx13new_allocatorIiEC2Ev
FN:79,_ZN9__gnu_cxx13new_allocatorIN3s214ListIiE4NodeEEC2Ev
FNDA:20,_ZN9__gnu_cxx13new_allocatorIN3s214ListIiE4NodeEEC2Ev
FN:79,_ZN9__gnu_cxx13new_allocatorIdEC2Ev
FNDA:0,_ZN9__gnu_cxx13new_allocatorIdEC2Ev
FN:79,_ZN9__gnu_cxx13new_allocatorISt10_List_nodeIdEEC2Ev
FNDA:369,_ZN9__gnu_cxx13new_allocatorISt10_List_nodeIdEEC2Ev
FN:79,_ZN9__gnu_cxx13new_allocatorISt10_List_nodeIcEEC2Ev
FNDA:5,_ZN9__gnu_cxx13new_allocatorISt10_List_nodeIcEEC2Ev
FN:79,_ZN9__gnu_cxx13new_allocatorINSt7__cxx1112basic_stringIcSt11char_traitsIcESaIcEEEEC2Ev
FNDA:17,_ZN9__gnu_cxx13new_allocatorINSt7__cxx1112basic_stringIcSt11char_traitsIcESaIcEEEEC2Ev
FN:79,_ZN9__gnu_cxx13new_allocatorIN3s214ListIcE4NodeEEC2Ev
FNDA:11,_ZN9__gnu_cxx13new_allocatorIN3s214ListIcE4NodeEEC2Ev
FN:79,_ZN9__gnu_cxx13new_allocatorISt10_List_nodeINSt7__cxx1112basic_stringIcSt11char_traitsIcESaIcEEEEEC2Ev
FNDA:6,_ZN9__gnu_cxx13new_allocatorISt10_List_nodeINSt7__cxx1112basic_stringIcSt11char_traitsIcESaIcEEEEEC2Ev
FN:79,_ZN9__gnu_cxx13new_allocatorIN3s214ListIdE4NodeEEC2Ev
FNDA:54,_ZN9__gnu_cxx13new_allocatorIN3s214ListIdE4NodeEEC2Ev
FN:79,_ZN9__gnu_cxx13new_allocatorISt10_List_nodeIiEEC2Ev
FNDA:14,_ZN9__gnu_cxx13new_allocatorISt10_List_nodeIiEEC2Ev
FN:82,_ZN9__gnu_cxx13new_allocatorISt10_List_nodeIiEEC2ERKS3_
FNDA:6,_ZN9__gnu_cxx13new_allocatorISt10_List_nodeIiEEC2ERKS3_
FN:82,_ZN9__gnu_cxx13new_allocatorISt10_List_nodeIcEEC2ERKS3_
FNDA:9,_ZN9__gnu_cxx13new_allocatorISt10_List_nodeIcEEC2ERKS3_
FN:82,_ZN9__gnu_cxx13new_allocatorISt10_List_nodeINSt7__cxx1112basic_stringIcSt11char_traitsIcESaIcEEEEEC2ERKS9_
FNDA:4,_ZN9__gnu_cxx13new_allocatorISt10_List_nodeINSt7__cxx1112basic_stringIcSt11char_traitsIcESaIcEEEEEC2ERKS9_
FN:82,_ZN9__gnu_cxx13new_allocatorISt10_List_nodeIdEEC2ERKS3_
FNDA:38,_ZN9__gnu_cxx13new_allocatorISt10_List_nodeIdEEC2ERKS3_
FN:89,_ZN9__gnu_cxx13new_allocatorIN3s214ListIdE4NodeEED2Ev
FNDA:54,_ZN9__gnu_cxx13new_allocatorIN3s214ListIdE4NodeEED2Ev
FN:89,_ZN9__gnu_cxx13new_allocatorIN3s214ListIiE4NodeEED2Ev
FNDA:20,_ZN9__gnu_cxx13new_allocatorIN3s214ListIiE4NodeEED2Ev
FN:89,_ZN9__gnu_cxx13new_allocatorIN3s214ListIcE4NodeEED2Ev
FNDA:11,_ZN9__gnu_cxx13new_allocatorIN3s214ListIcE4NodeEED2Ev
FN:89,_ZN9__gnu_cxx13new_allocatorIN3s214ListINSt7__cxx1112basic_stringIcSt11char_traitsIcESaIcEEEE4NodeEED2Ev
FNDA:10,_ZN9__gnu_cxx13new_allocatorIN3s214ListINSt7__cxx1112basic_stringIcSt11char_traitsIcESaIcEEEE4NodeEED2Ev
FN:89,_ZN9__gnu_cxx13new_allocatorINSt7__cxx1112basic_stringIcSt11char_traitsIcESaIcEEEED2Ev
FNDA:0,_ZN9__gnu_cxx13new_allocatorINSt7__cxx1112basic_stringIcSt11char_traitsIcESaIcEEEED2Ev
FN:89,_ZN9__gnu_cxx13new_allocatorISt10_List_nodeIiEED2Ev
FNDA:20,_ZN9__gnu_cxx13new_allocatorISt10_List_nodeIiEED2Ev
FN:89,_ZN9__gnu_cxx13new_allocatorIiED2Ev
FNDA:0,_ZN9__gnu_cxx13new_allocatorIiED2Ev
FN:89,_ZN9__gnu_cxx13new_allocatorIdED2Ev
FNDA:0,_ZN9__gnu_cxx13new_allocatorIdED2Ev
FN:89,_ZN9__gnu_cxx13new_allocatorISt10_List_nodeIdEED2Ev
FNDA:407,_ZN9__gnu_cxx13new_allocatorISt10_List_nodeIdEED2Ev
FN:89,_ZN9__gnu_cxx13new_allocatorISt10_List_nodeIcEED2Ev
FNDA:14,_ZN9__gnu_cxx13new_allocatorISt10_List_nodeIcEED2Ev
FN:89,_ZN9__gnu_cxx13new_allocatorISt10_List_nodeINSt7__cxx1112basic_stringIcSt11char_traitsIcESaIcEEEEED2Ev
FNDA:10,_ZN9__gnu_cxx13new_allocatorISt10_List_nodeINSt7__cxx1112basic_stringIcSt11char_traitsIcESaIcEEEEED2Ev
FN:103,_ZN9__gnu_cxx13new_allocatorISt10_List_nodeIdEE8allocateEmPKv
FNDA:244,_ZN9__gnu_cxx13new_allocatorISt10_List_nodeIdEE8allocateEmPKv
FN:103,_ZN9__gnu_cxx13new_allocatorISt10_List_nodeIiEE8allocateEmPKv
FNDA:42,_ZN9__gnu_cxx13new_allocatorISt10_List_nodeIiEE8allocateEmPKv
FN:103,_ZN9__gnu_cxx13new_allocatorISt10_List_nodeIcEE8allocateEmPKv
FNDA:21,_ZN9__gnu_cxx13new_allocatorISt10_List_nodeIcEE8allocateEmPKv
FN:103,_ZN9__gnu_cxx13new_allocatorISt10_List_nodeINSt7__cxx1112basic_stringIcSt11char_traitsIcESaIcEEEEE8allocateEmPKv
FNDA:19,_ZN9__gnu_cxx13new_allocatorISt10_List_nodeINSt7__cxx1112basic_stringIcSt11char_traitsIcESaIcEEEEE8allocateEmPKv
FN:120,_ZN9__gnu_cxx13new_allocatorISt10_List_nodeIcEE10deallocateEPS2_m
FNDA:21,_ZN9__gnu_cxx13new_allocatorISt10_List_nodeIcEE10deallocateEPS2_m
FN:120,_ZN9__gnu_cxx13new_allocatorISt10_List_nodeINSt7__cxx1112basic_stringIcSt11char_traitsIcESaIcEEEEE10deallocateEPS8_m
FNDA:19,_ZN9__gnu_cxx13new_allocatorISt10_List_nodeINSt7__cxx1112basic_stringIcSt11char_traitsIcESaIcEEEEE10deallocateEPS8_m
FN:120,_ZN9__gnu_cxx13new_allocatorISt10_List_nodeIiEE10deallocateEPS2_m
FNDA:42,_ZN9__gnu_cxx13new_allocatorISt10_List_nodeIiEE10deallocateEPS2_m
FN:120,_ZN9__gnu_cxx13new_allocatorISt10_List_nodeIdEE10deallocateEPS2_m
FNDA:244,_ZN9__gnu_cxx13new_allocatorISt10_List_nodeIdEE10deallocateEPS2_m
FN:142,_ZNK9__gnu_cxx13new_allocatorISt10_List_nodeIdEE8max_sizeEv
FNDA:1,_ZNK9__gnu_cxx13new_allocatorISt10_List_nodeIdEE8max_sizeEv
FN:142,_ZNK9__gnu_cxx13new_allocatorIN3s214ListIdE4NodeEE8max_sizeEv
FNDA:1,_ZNK9__gnu_cxx13new_allocatorIN3s214ListIdE4NodeEE8max_sizeEv
FN:148,_ZN9__gnu_cxx13new_allocatorISt10_List_nodeINSt7__cxx1112basic_stringIcSt11char_traitsIcESaIcEEEEE9constructIS7_JRKS7_EEEvPT_DpOT0_
FNDA:14,_ZN9__gnu_cxx13new_allocatorISt10_List_nodeINSt7__cxx1112basic_stringIcSt11char_traitsIcESaIcEEEEE9constructIS7_JRKS7_EEEvPT_DpOT0_
FN:148,_ZN9__gnu_cxx13new_allocatorISt10_List_nodeINSt7__cxx1112basic_stringIcSt11char_traitsIcESaIcEEEEE9constructIS7_JEEEvPT_DpOT0_
FNDA:1,_ZN9__gnu_cxx13new_allocatorISt10_List_nodeINSt7__cxx1112basic_stringIcSt11char_traitsIcESaIcEEEEE9constructIS7_JEEEvPT_DpOT0_
FN:148,_ZN9__gnu_cxx13new_allocatorISt10_List_nodeIcEE9constructIcJRKcEEEvPT_DpOT0_
FNDA:17,_ZN9__gnu_cxx13new_allocatorISt10_List_nodeIcEE9constructIcJRKcEEEvPT_DpOT0_
FN:148,_ZN9__gnu_cxx13new_allocatorISt10_List_nodeIdEE9constructIdJRKdEEEvPT_DpOT0_
FNDA:214,_ZN9__gnu_cxx13new_allocatorISt10_List_nodeIdEE9constructIdJRKdEEEvPT_DpOT0_
FN:148,_ZN9__gnu_cxx13new_allocatorISt10_List_nodeIiEE9constructIiJEEEvPT_DpOT0_
FNDA:8,_ZN9__gnu_cxx13new_allocatorISt10_List_nodeIiEE9constructIiJEEEvPT_DpOT0_
FN:148,_ZN9__gnu_cxx13new_allocatorISt10_List_nodeIiEE9constructIiJRKiEEEvPT_DpOT0_
FNDA:17,_ZN9__gnu_cxx13new_allocatorISt10_List_nodeIiEE9constructIiJRKiEEEvPT_DpOT0_
FN:148,_ZN9__gnu_cxx13new_allocatorISt10_List_nodeIdEE9constructIdJdEEEvPT_DpOT0_
FNDA:30,_ZN9__gnu_cxx13new_allocatorISt10_List_nodeIdEE9constructIdJdEEEvPT_DpOT0_
FN:148,_ZN9__gnu_cxx13new_allocatorISt10_List_nodeIcEE9constructIcJcEEEvPT_DpOT0_
FNDA:4,_ZN9__gnu_cxx13new_allocatorISt10_List_nodeIcEE9constructIcJcEEEvPT_DpOT0_
FN:148,_ZN9__gnu_cxx13new_allocatorISt10_List_nodeINSt7__cxx1112basic_stringIcSt11char_traitsIcESaIcEEEEE9constructIS7_JS7_EEEvPT_DpOT0_
FNDA:4,_ZN9__gnu_cxx13new_allocatorISt10_List_nodeINSt7__cxx1112basic_stringIcSt11char_traitsIcESaIcEEEEE9constructIS7_JS7_EEEvPT_DpOT0_
FN:148,_ZN9__gnu_cxx13new_allocatorISt10_List_nodeIiEE9constructIiJiEEEvPT_DpOT0_
FNDA:17,_ZN9__gnu_cxx13new_allocatorISt10_List_nodeIiEE9constructIiJiEEEvPT_DpOT0_
FN:154,_ZN9__gnu_cxx13new_allocatorISt10_List_nodeIiEE7destroyIiEEvPT_
FNDA:42,_ZN9__gnu_cxx13new_allocatorISt10_List_nodeIiEE7destroyIiEEvPT_
FN:154,_ZN9__gnu_cxx13new_allocatorISt10_List_nodeINSt7__cxx1112basic_stringIcSt11char_traitsIcESaIcEEEEE7destroyIS7_EEvPT_
FNDA:19,_ZN9__gnu_cxx13new_allocatorISt10_List_nodeINSt7__cxx1112basic_stringIcSt11char_traitsIcESaIcEEEEE7destroyIS7_EEvPT_
FN:154,_ZN9__gnu_cxx13new_allocatorISt10_List_nodeIcEE7destroyIcEEvPT_
FNDA:21,_ZN9__gnu_cxx13new_allocatorISt10_List_nodeIcEE7destroyIcEEvPT_
FN:154,_ZN9__gnu_cxx13new_allocatorISt10_List_nodeIdEE7destroyIdEEvPT_
FNDA:244,_ZN9__gnu_cxx13new_allocatorISt10_List_nodeIdEE7destroyIdEEvPT_
FN:185,_ZNK9__gnu_cxx13new_allocatorISt10_List_nodeIdEE11_M_max_sizeEv
FNDA:245,_ZNK9__gnu_cxx13new_allocatorISt10_List_nodeIdEE11_M_max_sizeEv
FN:185,_ZNK9__gnu_cxx13new_allocatorISt10_List_nodeIcEE11_M_max_sizeEv
FNDA:21,_ZNK9__gnu_cxx13new_allocatorISt10_List_nodeIcEE11_M_max_sizeEv
FN:185,_ZNK9__gnu_cxx13new_allocatorISt10_List_nodeINSt7__cxx1112basic_stringIcSt11char_traitsIcESaIcEEEEE11_M_max_sizeEv
FNDA:19,_ZNK9__gnu_cxx13new_allocatorISt10_List_nodeINSt7__cxx1112basic_stringIcSt11char_traitsIcESaIcEEEEE11_M_max_sizeEv
FN:185,_ZNK9__gnu_cxx13new_allocatorIN3s214ListIdE4NodeEE11_M_max_sizeEv
FNDA:1,_ZNK9__gnu_cxx13new_allocatorIN3s214ListIdE4NodeEE11_M_max_sizeEv
FN:185,_ZNK9__gnu_cxx13new_allocatorISt10_List_nodeIiEE11_M_max_sizeEv
FNDA:42,_ZNK9__gnu_cxx13new_allocatorISt10_List_nodeIiEE11_M_max_sizeEv
FNF:55
FNH:50
DA:79,6
DA:79,11
DA:79,5
DA:79,369
DA:79,10
DA:79,54
DA:79,14
DA:79,20
DA:79,17
DA:79,0
DA:79,0
DA:82,4
DA:82,6
DA:82,9
DA:82,38
DA:89,11
DA:89,10
DA:89,54
DA:89,20
DA:89,0
DA:89,10
DA:89,14
DA:89,407
DA:89,0
DA:89,0
DA:89,20
DA:103,42
DA:105,42
DA:106,0
DA:115,42
DA:103,19
DA:105,19
DA:106,0
DA:115,19
DA:103,21
DA:105,21
DA:106,0
DA:115,21
DA:103,244
DA:105,244
DA:106,0
DA:115,244
DA:120,19
DA:133,19
DA:138,19
DA:120,21
DA:133,21
DA:138,21
DA:120,244
DA:133,244
DA:138,244
DA:120,42
DA:133,42
DA:138,42
DA:142,1
DA:143,1
DA:142,1
DA:143,1
DA:148,14
DA:150,14
DA:148,1
DA:150,1
DA:148,17
DA:150,17
DA:148,214
DA:150,214
DA:148,8
DA:150,8
DA:148,17
DA:150,17
DA:148,17
DA:150,17
DA:148,4
DA:150,4
DA:148,4
DA:150,4
DA:148,30
DA:150,30
DA:154,19
DA:156,19
DA:154,21
DA:156,21
DA:154,244
DA:156,244
DA:154,42
DA:156,42
DA:185,42
DA:188,42
DA:185,19
DA:188,19
DA:185,21
DA:188,21
DA:185,245
DA:188,245
DA:185,1
DA:188,1
LF:96
LH:87
end_of_record
SF:/Users/jettajac/Documents/CPP/GH_containers/src/tests.cc
FN:14,_ZN29List_Сonstructor_null_1_TestC1Ev
FNDA:1,_ZN29List_Сonstructor_null_1_TestC1Ev
FN:14,_ZN29List_Сonstructor_null_1_Test8TestBodyEv
FNDA:1,_ZN29List_Сonstructor_null_1_Test8TestBodyEv
FN:14,_ZN29List_Сonstructor_null_1_TestD1Ev
FNDA:1,_ZN29List_Сonstructor_null_1_TestD1Ev
FN:14,_ZN29List_Сonstructor_null_1_TestD0Ev
FNDA:1,_ZN29List_Сonstructor_null_1_TestD0Ev
FN:26,_ZN29List_Сonstructor_size_0_TestC1Ev
FNDA:1,_ZN29List_Сonstructor_size_0_TestC1Ev
FN:26,_ZN29List_Сonstructor_size_0_Test8TestBodyEv
FNDA:1,_ZN29List_Сonstructor_size_0_Test8TestBodyEv
FN:26,_ZN29List_Сonstructor_size_0_TestD1Ev
FNDA:1,_ZN29List_Сonstructor_size_0_TestD1Ev
FN:26,_ZN29List_Сonstructor_size_0_TestD0Ev
FNDA:1,_ZN29List_Сonstructor_size_0_TestD0Ev
FN:33,_ZN29List_Сonstructor_size_1_TestC1Ev
FNDA:1,_ZN29List_Сonstructor_size_1_TestC1Ev
FN:33,_ZN29List_Сonstructor_size_1_Test8TestBodyEv
FNDA:1,_ZN29List_Сonstructor_size_1_Test8TestBodyEv
FN:33,_ZN29List_Сonstructor_size_1_TestD0Ev
FNDA:1,_ZN29List_Сonstructor_size_1_TestD0Ev
FN:33,_ZN29List_Сonstructor_size_1_TestD1Ev
FNDA:1,_ZN29List_Сonstructor_size_1_TestD1Ev
FN:40,_ZN38List_Сonstructor_pushback_size_1_TestC1Ev
FNDA:1,_ZN38List_Сonstructor_pushback_size_1_TestC1Ev
FN:40,_ZN38List_Сonstructor_pushback_size_1_Test8TestBodyEv
FNDA:1,_ZN38List_Сonstructor_pushback_size_1_Test8TestBodyEv
FN:40,_ZN38List_Сonstructor_pushback_size_1_TestD1Ev
FNDA:1,_ZN38List_Сonstructor_pushback_size_1_TestD1Ev
FN:40,_ZN38List_Сonstructor_pushback_size_1_TestD0Ev
FNDA:1,_ZN38List_Сonstructor_pushback_size_1_TestD0Ev
FN:58,_ZN38List_Сonstructor_pushback_size_2_Test8TestBodyEv
FNDA:1,_ZN38List_Сonstructor_pushback_size_2_Test8TestBodyEv
FN:58,_ZN38List_Сonstructor_pushback_size_2_TestD1Ev
FNDA:1,_ZN38List_Сonstructor_pushback_size_2_TestD1Ev
FN:58,_ZN38List_Сonstructor_pushback_size_2_TestD0Ev
FNDA:1,_ZN38List_Сonstructor_pushback_size_2_TestD0Ev
FN:58,_ZN38List_Сonstructor_pushback_size_2_TestC1Ev
FNDA:1,_ZN38List_Сonstructor_pushback_size_2_TestC1Ev
FN:73,_ZN27List_Create_and_size_1_TestD0Ev
FNDA:1,_ZN27List_Create_and_size_1_TestD0Ev
FN:73,_ZN27List_Create_and_size_1_TestD1Ev
FNDA:1,_ZN27List_Create_and_size_1_TestD1Ev
FN:73,_ZN27List_Create_and_size_1_TestC1Ev
FNDA:1,_ZN27List_Create_and_size_1_TestC1Ev
FN:73,_ZN27List_Create_and_size_1_Test8TestBodyEv
FNDA:1,_ZN27List_Create_and_size_1_Test8TestBodyEv
FN:85,_ZN29List_Constructor_Default_TestC1Ev
FNDA:1,_ZN29List_Constructor_Default_TestC1Ev
FN:85,_ZN29List_Constructor_Default_Test8TestBodyEv
FNDA:1,_ZN29List_Constructor_Default_Test8TestBodyEv
FN:85,_ZN29List_Constructor_Default_TestD1Ev
FNDA:1,_ZN29List_Constructor_Default_TestD1Ev
FN:85,_ZN29List_Constructor_Default_TestD0Ev
FNDA:1,_ZN29List_Constructor_Default_TestD0Ev
FN:92,_ZN15List_Clear_TestC1Ev
FNDA:1,_ZN15List_Clear_TestC1Ev
FN:92,_ZN15List_Clear_TestD1Ev
FNDA:1,_ZN15List_Clear_TestD1Ev
FN:92,_ZN15List_Clear_TestD0Ev
FNDA:1,_ZN15List_Clear_TestD0Ev
FN:92,_ZN15List_Clear_Test8TestBodyEv
FNDA:1,_ZN15List_Clear_Test8TestBodyEv
FN:103,_ZN26List_Initializer_list_TestD0Ev
FNDA:1,_ZN26List_Initializer_list_TestD0Ev
FN:103,_ZN26List_Initializer_list_TestD1Ev
FNDA:1,_ZN26List_Initializer_list_TestD1Ev
FN:103,_ZN26List_Initializer_list_Test8TestBodyEv
FNDA:1,_ZN26List_Initializer_list_Test8TestBodyEv
FN:103,_ZN26List_Initializer_list_TestC1Ev
FNDA:1,_ZN26List_Initializer_list_TestC1Ev
FN:111,_ZN38List_Constructor_Initializer_List_TestC1Ev
FNDA:1,_ZN38List_Constructor_Initializer_List_TestC1Ev
FN:111,_ZN38List_Constructor_Initializer_List_TestD0Ev
FNDA:1,_ZN38List_Constructor_Initializer_List_TestD0Ev
FN:111,_ZN38List_Constructor_Initializer_List_TestD1Ev
FNDA:1,_ZN38List_Constructor_Initializer_List_TestD1Ev
FN:111,_ZN38List_Constructor_Initializer_List_Test8TestBodyEv
FNDA:1,_ZN38List_Constructor_Initializer_List_Test8TestBodyEv
FN:120,_ZN29List_Front_s21_List_back_TestC1Ev
FNDA:1,_ZN29List_Front_s21_List_back_TestC1Ev
FN:120,_ZN29List_Front_s21_List_back_TestD1Ev
FNDA:1,_ZN29List_Front_s21_List_back_TestD1Ev
FN:120,_ZN29List_Front_s21_List_back_Test8TestBodyEv
FNDA:1,_ZN29List_Front_s21_List_back_Test8TestBodyEv
FN:120,_ZN29List_Front_s21_List_back_TestD0Ev
FNDA:1,_ZN29List_Front_s21_List_back_TestD0Ev
FN:153,_ZN14List_Back_TestC1Ev
FNDA:1,_ZN14List_Back_TestC1Ev
FN:153,_ZN14List_Back_TestD1Ev
FNDA:1,_ZN14List_Back_TestD1Ev
FN:153,_ZN14List_Back_TestD0Ev
FNDA:1,_ZN14List_Back_TestD0Ev
FN:153,_ZN14List_Back_Test8TestBodyEv
FNDA:1,_ZN14List_Back_Test8TestBodyEv
FN:171,_ZN15List_Front_TestC1Ev
FNDA:1,_ZN15List_Front_TestC1Ev
FN:171,_ZN15List_Front_TestD1Ev
FNDA:1,_ZN15List_Front_TestD1Ev
FN:171,_ZN15List_Front_TestD0Ev
FNDA:1,_ZN15List_Front_TestD0Ev
FN:171,_ZN15List_Front_Test8TestBodyEv
FNDA:1,_ZN15List_Front_Test8TestBodyEv
FN:191,_ZN19List_Push_back_Test8TestBodyEv
FNDA:1,_ZN19List_Push_back_Test8TestBodyEv
FN:191,_ZN19List_Push_back_TestD1Ev
FNDA:1,_ZN19List_Push_back_TestD1Ev
FN:191,_ZN19List_Push_back_TestD0Ev
FNDA:1,_ZN19List_Push_back_TestD0Ev
FN:191,_ZN19List_Push_back_TestC1Ev
FNDA:1,_ZN19List_Push_back_TestC1Ev
FN:213,_ZN20List_Push_front_TestC1Ev
FNDA:1,_ZN20List_Push_front_TestC1Ev
FN:213,_ZN20List_Push_front_Test8TestBodyEv
FNDA:1,_ZN20List_Push_front_Test8TestBodyEv
FN:213,_ZN20List_Push_front_TestD0Ev
FNDA:1,_ZN20List_Push_front_TestD0Ev
FN:213,_ZN20List_Push_front_TestD1Ev
FNDA:1,_ZN20List_Push_front_TestD1Ev
FN:245,_ZN18List_Pop_back_TestC1Ev
FNDA:1,_ZN18List_Pop_back_TestC1Ev
FN:245,_ZN18List_Pop_back_Test8TestBodyEv
FNDA:1,_ZN18List_Pop_back_Test8TestBodyEv
FN:245,_ZN18List_Pop_back_TestD1Ev
FNDA:1,_ZN18List_Pop_back_TestD1Ev
FN:245,_ZN18List_Pop_back_TestD0Ev
FNDA:1,_ZN18List_Pop_back_TestD0Ev
FN:258,_ZN24List_Pop_back_empty_TestC1Ev
FNDA:1,_ZN24List_Pop_back_empty_TestC1Ev
FN:258,_ZN24List_Pop_back_empty_TestD0Ev
FNDA:1,_ZN24List_Pop_back_empty_TestD0Ev
FN:258,_ZN24List_Pop_back_empty_TestD1Ev
FNDA:1,_ZN24List_Pop_back_empty_TestD1Ev
FN:258,_ZN24List_Pop_back_empty_Test8TestBodyEv
FNDA:1,_ZN24List_Pop_back_empty_Test8TestBodyEv
FN:268,_ZN19List_Pop_front_TestD1Ev
FNDA:1,_ZN19List_Pop_front_TestD1Ev
FN:268,_ZN19List_Pop_front_Test8TestBodyEv
FNDA:1,_ZN19List_Pop_front_Test8TestBodyEv
FN:268,_ZN19List_Pop_front_TestD0Ev
FNDA:1,_ZN19List_Pop_front_TestD0Ev
FN:268,_ZN19List_Pop_front_TestC1Ev
FNDA:1,_ZN19List_Pop_front_TestC1Ev
FN:283,_ZN25List_Pop_front_empty_Test8TestBodyEv
FNDA:1,_ZN25List_Pop_front_empty_Test8TestBodyEv
FN:283,_ZN25List_Pop_front_empty_TestC1Ev
FNDA:1,_ZN25List_Pop_front_empty_TestC1Ev
FN:283,_ZN25List_Pop_front_empty_TestD0Ev
FNDA:1,_ZN25List_Pop_front_empty_TestD0Ev
FN:283,_ZN25List_Pop_front_empty_TestD1Ev
FNDA:1,_ZN25List_Pop_front_empty_TestD1Ev
FN:293,_ZN19List_Copy_list_TestC1Ev
FNDA:1,_ZN19List_Copy_list_TestC1Ev
FN:293,_ZN19List_Copy_list_TestD0Ev
FNDA:1,_ZN19List_Copy_list_TestD0Ev
FN:293,_ZN19List_Copy_list_TestD1Ev
FNDA:1,_ZN19List_Copy_list_TestD1Ev
FN:293,_ZN19List_Copy_list_Test8TestBodyEv
FNDA:1,_ZN19List_Copy_list_Test8TestBodyEv
FN:358,_ZN19List_Copy_char_Test8TestBodyEv
FNDA:1,_ZN19List_Copy_char_Test8TestBodyEv
FN:358,_ZN19List_Copy_char_TestD0Ev
FNDA:1,_ZN19List_Copy_char_TestD0Ev
FN:358,_ZN19List_Copy_char_TestD1Ev
FNDA:1,_ZN19List_Copy_char_TestD1Ev
FN:358,_ZN19List_Copy_char_TestC1Ev
FNDA:1,_ZN19List_Copy_char_TestC1Ev
FN:400,_ZN17List_Copy_op_TestC1Ev
FNDA:1,_ZN17List_Copy_op_TestC1Ev
FN:400,_ZN17List_Copy_op_Test8TestBodyEv
FNDA:1,_ZN17List_Copy_op_Test8TestBodyEv
FN:400,_ZN17List_Copy_op_TestD1Ev
FNDA:1,_ZN17List_Copy_op_TestD1Ev
FN:400,_ZN17List_Copy_op_TestD0Ev
FNDA:1,_ZN17List_Copy_op_TestD0Ev
FN:463,_ZN19List_Move_list_Test8TestBodyEv
FNDA:1,_ZN19List_Move_list_Test8TestBodyEv
FN:463,_ZN19List_Move_list_TestD1Ev
FNDA:1,_ZN19List_Move_list_TestD1Ev
FN:463,_ZN19List_Move_list_TestD0Ev
FNDA:1,_ZN19List_Move_list_TestD0Ev
FN:463,_ZN19List_Move_list_TestC1Ev
FNDA:1,_ZN19List_Move_list_TestC1Ev
FN:524,_ZN19List_Move_char_TestD0Ev
FNDA:1,_ZN19List_Move_char_TestD0Ev
FN:524,_ZN19List_Move_char_TestD1Ev
FNDA:1,_ZN19List_Move_char_TestD1Ev
FN:524,_ZN19List_Move_char_TestC1Ev
FNDA:1,_ZN19List_Move_char_TestC1Ev
FN:524,_ZN19List_Move_char_Test8TestBodyEv
FNDA:1,_ZN19List_Move_char_Test8TestBodyEv
FN:567,_ZN17List_Move_op_TestC1Ev
FNDA:1,_ZN17List_Move_op_TestC1Ev
FN:567,_ZN17List_Move_op_TestD0Ev
FNDA:1,_ZN17List_Move_op_TestD0Ev
FN:567,_ZN17List_Move_op_TestD1Ev
FNDA:1,_ZN17List_Move_op_TestD1Ev
FN:567,_ZN17List_Move_op_Test8TestBodyEv
FNDA:1,_ZN17List_Move_op_Test8TestBodyEv
FN:673,_ZN18List_Insert_1_TestC1Ev
FNDA:1,_ZN18List_Insert_1_TestC1Ev
FN:673,_ZN18List_Insert_1_Test8TestBodyEv
FNDA:1,_ZN18List_Insert_1_Test8TestBodyEv
FN:673,_ZN18List_Insert_1_TestD0Ev
FNDA:1,_ZN18List_Insert_1_TestD0Ev
FN:673,_ZN18List_Insert_1_TestD1Ev
FNDA:1,_ZN18List_Insert_1_TestD1Ev
FN:720,_ZN18List_Insert_2_TestC1Ev
FNDA:1,_ZN18List_Insert_2_TestC1Ev
FN:720,_ZN18List_Insert_2_Test8TestBodyEv
FNDA:1,_ZN18List_Insert_2_Test8TestBodyEv
FN:720,_ZN18List_Insert_2_TestD1Ev
FNDA:1,_ZN18List_Insert_2_TestD1Ev
FN:720,_ZN18List_Insert_2_TestD0Ev
FNDA:1,_ZN18List_Insert_2_TestD0Ev
FN:772,_ZN17List_Erase_1_TestD1Ev
FNDA:1,_ZN17List_Erase_1_TestD1Ev
FN:772,_ZN17List_Erase_1_TestC1Ev
FNDA:1,_ZN17List_Erase_1_TestC1Ev
FN:772,_ZN17List_Erase_1_Test8TestBodyEv
FNDA:1,_ZN17List_Erase_1_Test8TestBodyEv
FN:772,_ZN17List_Erase_1_TestD0Ev
FNDA:1,_ZN17List_Erase_1_TestD0Ev
FN:812,_ZN17List_Erase_2_Test8TestBodyEv
FNDA:1,_ZN17List_Erase_2_Test8TestBodyEv
FN:812,_ZN17List_Erase_2_TestD1Ev
FNDA:1,_ZN17List_Erase_2_TestD1Ev
FN:812,_ZN17List_Erase_2_TestD0Ev
FNDA:1,_ZN17List_Erase_2_TestD0Ev
FN:812,_ZN17List_Erase_2_TestC1Ev
FNDA:1,_ZN17List_Erase_2_TestC1Ev
FN:890,_ZN14List_Swap_TestD1Ev
FNDA:1,_ZN14List_Swap_TestD1Ev
FN:890,_ZN14List_Swap_Test8TestBodyEv
FNDA:1,_ZN14List_Swap_Test8TestBodyEv
FN:890,_ZN14List_Swap_TestD0Ev
FNDA:1,_ZN14List_Swap_TestD0Ev
FN:890,_ZN14List_Swap_TestC1Ev
FNDA:1,_ZN14List_Swap_TestC1Ev
FN:941,_ZN17List_Merge_1_TestD0Ev
FNDA:1,_ZN17List_Merge_1_TestD0Ev
FN:941,_ZN17List_Merge_1_TestC1Ev
FNDA:1,_ZN17List_Merge_1_TestC1Ev
FN:941,_ZN17List_Merge_1_Test8TestBodyEv
FNDA:1,_ZN17List_Merge_1_Test8TestBodyEv
FN:941,_ZN17List_Merge_1_TestD1Ev
FNDA:1,_ZN17List_Merge_1_TestD1Ev
FN:980,_ZN17List_Merge_2_Test8TestBodyEv
FNDA:1,_ZN17List_Merge_2_Test8TestBodyEv
FN:980,_ZN17List_Merge_2_TestD0Ev
FNDA:1,_ZN17List_Merge_2_TestD0Ev
FN:980,_ZN17List_Merge_2_TestC1Ev
FNDA:1,_ZN17List_Merge_2_TestC1Ev
FN:980,_ZN17List_Merge_2_TestD1Ev
FNDA:1,_ZN17List_Merge_2_TestD1Ev
FN:1023,_ZN18List_Splice_0_TestC1Ev
FNDA:1,_ZN18List_Splice_0_TestC1Ev
FN:1023,_ZN18List_Splice_0_TestD1Ev
FNDA:1,_ZN18List_Splice_0_TestD1Ev
FN:1023,_ZN18List_Splice_0_TestD0Ev
FNDA:1,_ZN18List_Splice_0_TestD0Ev
FN:1023,_ZN18List_Splice_0_Test8TestBodyEv
FNDA:1,_ZN18List_Splice_0_Test8TestBodyEv
FN:1062,_ZN18List_Splice_1_TestC1Ev
FNDA:1,_ZN18List_Splice_1_TestC1Ev
FN:1062,_ZN18List_Splice_1_TestD1Ev
FNDA:1,_ZN18List_Splice_1_TestD1Ev
FN:1062,_ZN18List_Splice_1_TestD0Ev
FNDA:1,_ZN18List_Splice_1_TestD0Ev
FN:1062,_ZN18List_Splice_1_Test8TestBodyEv
FNDA:1,_ZN18List_Splice_1_Test8TestBodyEv
FN:1101,_ZN18List_Splice_2_TestD0Ev
FNDA:1,_ZN18List_Splice_2_TestD0Ev
FN:1101,_ZN18List_Splice_2_Test8TestBodyEv
FNDA:1,_ZN18List_Splice_2_Test8TestBodyEv
FN:1101,_ZN18List_Splice_2_TestC1Ev
FNDA:1,_ZN18List_Splice_2_TestC1Ev
FN:1101,_ZN18List_Splice_2_TestD1Ev
FNDA:1,_ZN18List_Splice_2_TestD1Ev
FN:1140,_ZN18List_Splice_3_Test8TestBodyEv
FNDA:1,_ZN18List_Splice_3_Test8TestBodyEv
FN:1140,_ZN18List_Splice_3_TestD1Ev
FNDA:1,_ZN18List_Splice_3_TestD1Ev
FN:1140,_ZN18List_Splice_3_TestD0Ev
FNDA:1,_ZN18List_Splice_3_TestD0Ev
FN:1140,_ZN18List_Splice_3_TestC1Ev
FNDA:1,_ZN18List_Splice_3_TestC1Ev
FN:1181,_ZN17List_Reverse_Test8TestBodyEv
FNDA:1,_ZN17List_Reverse_Test8TestBodyEv
FN:1181,_ZN17List_Reverse_TestD1Ev
FNDA:1,_ZN17List_Reverse_TestD1Ev
FN:1181,_ZN17List_Reverse_TestD0Ev
FNDA:1,_ZN17List_Reverse_TestD0Ev
FN:1181,_ZN17List_Reverse_TestC1Ev
FNDA:1,_ZN17List_Reverse_TestC1Ev
FN:1199,_ZN18List_Unique_0_TestD1Ev
FNDA:1,_ZN18List_Unique_0_TestD1Ev
FN:1199,_ZN18List_Unique_0_TestC1Ev
FNDA:1,_ZN18List_Unique_0_TestC1Ev
FN:1199,_ZN18List_Unique_0_TestD0Ev
FNDA:1,_ZN18List_Unique_0_TestD0Ev
FN:1199,_ZN18List_Unique_0_Test8TestBodyEv
FNDA:1,_ZN18List_Unique_0_Test8TestBodyEv
FN:1250,_ZN18List_Unique_1_TestC1Ev
FNDA:1,_ZN18List_Unique_1_TestC1Ev
FN:1250,_ZN18List_Unique_1_TestD0Ev
FNDA:1,_ZN18List_Unique_1_TestD0Ev
FN:1250,_ZN18List_Unique_1_TestD1Ev
FNDA:1,_ZN18List_Unique_1_TestD1Ev
FN:1250,_ZN18List_Unique_1_Test8TestBodyEv
FNDA:1,_ZN18List_Unique_1_Test8TestBodyEv
FN:1313,_ZN14List_Sort_TestD0Ev
FNDA:1,_ZN14List_Sort_TestD0Ev
FN:1313,_ZN14List_Sort_Test8TestBodyEv
FNDA:1,_ZN14List_Sort_Test8TestBodyEv
FN:1313,_ZN14List_Sort_TestD1Ev
FNDA:1,_ZN14List_Sort_TestD1Ev
FN:1313,_ZN14List_Sort_TestC1Ev
FNDA:1,_ZN14List_Sort_TestC1Ev
FN:1336,_ZN18List_Max_size_TestD0Ev
FNDA:1,_ZN18List_Max_size_TestD0Ev
FN:1336,_ZN18List_Max_size_TestD1Ev
FNDA:1,_ZN18List_Max_size_TestD1Ev
FN:1336,_ZN18List_Max_size_Test8TestBodyEv
FNDA:1,_ZN18List_Max_size_Test8TestBodyEv
FN:1336,_ZN18List_Max_size_TestC1Ev
FNDA:1,_ZN18List_Max_size_TestC1Ev
FN:1349,_ZN19List_Begin_End_TestD0Ev
FNDA:1,_ZN19List_Begin_End_TestD0Ev
FN:1349,_ZN19List_Begin_End_TestC1Ev
FNDA:1,_ZN19List_Begin_End_TestC1Ev
FN:1349,_ZN19List_Begin_End_TestD1Ev
FNDA:1,_ZN19List_Begin_End_TestD1Ev
FN:1349,_ZN19List_Begin_End_Test8TestBodyEv
FNDA:1,_ZN19List_Begin_End_Test8TestBodyEv
FN:1357,_ZN15List_Begin_TestD0Ev
FNDA:1,_ZN15List_Begin_TestD0Ev
FN:1357,_ZN15List_Begin_TestD1Ev
FNDA:1,_ZN15List_Begin_TestD1Ev
FN:1357,_ZN15List_Begin_Test8TestBodyEv
FNDA:1,_ZN15List_Begin_Test8TestBodyEv
FN:1357,_ZN15List_Begin_TestC1Ev
FNDA:1,_ZN15List_Begin_TestC1Ev
FN:1390,_ZN15List_End_1_TestD0Ev
FNDA:1,_ZN15List_End_1_TestD0Ev
FN:1390,_ZN15List_End_1_TestD1Ev
FNDA:1,_ZN15List_End_1_TestD1Ev
FN:1390,_ZN15List_End_1_Test8TestBodyEv
FNDA:1,_ZN15List_End_1_Test8TestBodyEv
FN:1390,_ZN15List_End_1_TestC1Ev
FNDA:1,_ZN15List_End_1_TestC1Ev
FN:1468,_ZN30ListIteratorTest_Equality_TestD0Ev
FNDA:1,_ZN30ListIteratorTest_Equality_TestD0Ev
FN:1468,_ZN30ListIteratorTest_Equality_TestD1Ev
FNDA:1,_ZN30ListIteratorTest_Equality_TestD1Ev
FN:1468,_ZN30ListIteratorTest_Equality_Test8TestBodyEv
FNDA:1,_ZN30ListIteratorTest_Equality_Test8TestBodyEv
FN:1468,_ZN30ListIteratorTest_Equality_TestC1Ev
FNDA:1,_ZN30ListIteratorTest_Equality_TestC1Ev
FN:1497,_ZN37ListIteratorTest_CopyConstructor_TestD1Ev
FNDA:1,_ZN37ListIteratorTest_CopyConstructor_TestD1Ev
FN:1497,_ZN37ListIteratorTest_CopyConstructor_TestD0Ev
FNDA:1,_ZN37ListIteratorTest_CopyConstructor_TestD0Ev
FN:1497,_ZN37ListIteratorTest_CopyConstructor_TestC1Ev
FNDA:1,_ZN37ListIteratorTest_CopyConstructor_TestC1Ev
FN:1497,_ZN37ListIteratorTest_CopyConstructor_Test8TestBodyEv
FNDA:1,_ZN37ListIteratorTest_CopyConstructor_Test8TestBodyEv
FN:1527,_ZN31ListIteratorTest_Increment_TestD1Ev
FNDA:1,_ZN31ListIteratorTest_Increment_TestD1Ev
FN:1527,_ZN31ListIteratorTest_Increment_TestD0Ev
FNDA:1,_ZN31ListIteratorTest_Increment_TestD0Ev
FN:1527,_ZN31ListIteratorTest_Increment_TestC1Ev
FNDA:1,_ZN31ListIteratorTest_Increment_TestC1Ev
FN:1527,_ZN31ListIteratorTest_Increment_Test8TestBodyEv
FNDA:1,_ZN31ListIteratorTest_Increment_Test8TestBodyEv
FN:1568,_ZN31ListIteratorTest_Decrement_TestD0Ev
FNDA:1,_ZN31ListIteratorTest_Decrement_TestD0Ev
FN:1568,_ZN31ListIteratorTest_Decrement_TestC1Ev
FNDA:1,_ZN31ListIteratorTest_Decrement_TestC1Ev
FN:1568,_ZN31ListIteratorTest_Decrement_TestD1Ev
FNDA:1,_ZN31ListIteratorTest_Decrement_TestD1Ev
FN:1568,_ZN31ListIteratorTest_Decrement_Test8TestBodyEv
FNDA:1,_ZN31ListIteratorTest_Decrement_Test8TestBodyEv
FN:1663,main
FNDA:1,main
FNF:193
FNH:193
DA:14,1
DA:14,1
DA:14,1
DA:14,1
DA:15,2
DA:16,2
DA:17,1
DA:18,1
DA:19,1
DA:26,1
DA:26,1
DA:26,1
DA:26,1
DA:27,3
DA:28,2
DA:29,1
DA:30,1
DA:31,1
DA:33,1
DA:33,1
DA:33,1
DA:33,1
DA:34,3
DA:35,2
DA:36,1
DA:37,1
DA:38,1
DA:40,1
DA:40,1
DA:40,1
DA:40,1
DA:41,2
DA:42,2
DA:43,2
DA:44,1
DA:45,1
DA:46,1
DA:47,1
DA:48,1
DA:49,1
DA:50,1
DA:51,1
DA:52,1
DA:53,1
DA:54,1
DA:55,1
DA:56,1
DA:58,1
DA:58,1
DA:58,1
DA:58,1
DA:59,2
DA:60,2
DA:61,9
DA:62,1
DA:63,1
DA:64,1
DA:65,1
DA:66,1
DA:67,1
DA:68,1
DA:69,1
DA:70,1
DA:71,1
DA:73,1
DA:73,1
DA:73,1
DA:73,1
DA:74,3
DA:75,2
DA:76,1
DA:77,3
DA:78,2
DA:79,1
DA:80,3
DA:81,2
DA:82,1
DA:83,1
DA:85,1
DA:85,1
DA:85,1
DA:85,1
DA:86,2
DA:87,2
DA:88,1
DA:89,1
DA:90,1
DA:92,1
DA:92,1
DA:92,1
DA:92,1
DA:93,2
DA:94,3
DA:95,1
DA:96,1
DA:97,1
DA:98,1
DA:99,1
DA:100,1
DA:101,1
DA:103,1
DA:103,1
DA:103,1
DA:103,1
DA:104,2
DA:105,3
DA:106,1
DA:107,1
DA:108,1
DA:109,1
DA:111,1
DA:111,1
DA:111,1
DA:111,1
DA:112,2
DA:113,3
DA:114,1
DA:115,1
DA:116,1
DA:117,1
DA:118,1
DA:120,1
DA:120,1
DA:120,1
DA:120,1
DA:121,2
DA:122,2
DA:123,1
DA:124,1
DA:125,1
DA:126,1
DA:127,1
DA:128,1
DA:129,1
DA:131,2
DA:132,2
DA:133,1
DA:134,1
DA:135,1
DA:136,1
DA:137,1
DA:138,1
DA:139,1
DA:141,2
DA:142,2
DA:143,1
DA:144,1
DA:145,1
DA:146,1
DA:147,1
DA:148,1
DA:149,1
DA:150,1
DA:153,1
DA:153,1
DA:153,1
DA:153,1
DA:154,2
DA:155,2
DA:164,1
DA:169,1
DA:171,1
DA:171,1
DA:171,1
DA:171,1
DA:172,2
DA:173,2
DA:182,1
DA:183,1
DA:187,1
DA:191,1
DA:191,1
DA:191,1
DA:191,1
DA:192,2
DA:193,2
DA:194,1
DA:195,1
DA:196,1
DA:197,1
DA:198,1
DA:199,1
DA:201,1
DA:202,1
DA:203,4
DA:204,3
DA:205,3
DA:206,3
DA:207,3
DA:208,3
DA:210,1
DA:213,1
DA:213,1
DA:213,1
DA:213,1
DA:214,2
DA:215,2
DA:216,1
DA:217,1
DA:218,1
DA:219,1
DA:220,1
DA:221,1
DA:222,1
DA:224,2
DA:225,2
DA:226,1
DA:227,1
DA:228,1
DA:229,1
DA:230,1
DA:231,1
DA:232,1
DA:234,2
DA:235,2
DA:236,1
DA:237,1
DA:238,1
DA:239,1
DA:240,1
DA:241,1
DA:242,1
DA:243,1
DA:245,1
DA:245,1
DA:245,1
DA:245,1
DA:246,3
DA:247,2
DA:249,5
DA:251,4
DA:252,4
DA:253,4
DA:254,4
DA:256,1
DA:258,1
DA:258,1
DA:258,1
DA:258,1
DA:259,2
DA:260,2
DA:263,1
DA:264,1
DA:265,1
DA:266,1
DA:268,1
DA:268,1
DA:268,1
DA:268,1
DA:269,3
DA:270,2
DA:272,5
DA:274,4
DA:275,4
DA:276,4
DA:277,4
DA:278,4
DA:281,1
DA:283,1
DA:283,1
DA:283,1
DA:283,1
DA:284,2
DA:285,2
DA:288,1
DA:289,1
DA:290,1
DA:291,1
DA:293,1
DA:293,1
DA:293,1
DA:293,1
DA:294,3
DA:295,2
DA:296,2
DA:297,2
DA:298,1
DA:299,1
DA:301,8
DA:303,7
DA:304,7
DA:305,7
DA:310,1
DA:315,2
DA:316,2
DA:318,1
DA:319,1
DA:321,1
DA:322,1
DA:323,1
DA:324,1
DA:325,1
DA:327,8
DA:328,7
DA:329,7
DA:330,7
DA:331,7
DA:332,7
DA:333,7
DA:334,7
DA:335,7
DA:336,7
DA:339,1
DA:340,1
DA:341,1
DA:342,1
DA:343,1
DA:345,8
DA:346,7
DA:347,7
DA:348,7
DA:349,7
DA:350,7
DA:351,7
DA:352,7
DA:353,7
DA:354,7
DA:356,1
DA:358,1
DA:358,1
DA:358,1
DA:358,1
DA:359,3
DA:360,2
DA:361,2
DA:362,2
DA:364,3
DA:365,2
DA:366,2
DA:367,2
DA:369,2
DA:370,2
DA:371,2
DA:374,2
DA:375,2
DA:377,1
DA:378,1
DA:380,1
DA:381,1
DA:382,1
DA:383,1
[...]
FN:349,_ZNSt11_Tuple_implILm1EJSt14default_deleteINSt7__cxx1112basic_stringIcSt11char_traitsIcESaIcEEEEEE7_M_headERS8_
FNDA:0,_ZNSt11_Tuple_implILm1EJSt14default_deleteINSt7__cxx1112basic_stringIcSt11char_traitsIcESaIcEEEEEE7_M_headERS8_
FN:1287,_ZSt12__get_helperILm1ESt14default_deleteINSt7__cxx1112basic_stringIcSt11char_traitsIcESaIcEEEEJEERT0_RSt11_Tuple_implIXT_EJS8_DpT1_EE
FNDA:0,_ZSt12__get_helperILm1ESt14default_deleteINSt7__cxx1112basic_stringIcSt11char_traitsIcESaIcEEEEJEERT0_RSt11_Tuple_implIXT_EJS8_DpT1_EE
FN:1287,_ZSt12__get_helperILm1ESt14default_deleteINSt7__cxx1118basic_stringstreamIcSt11char_traitsIcESaIcEEEEJEERT0_RSt11_Tuple_implIXT_EJS8_DpT1_EE
FNDA:0,_ZSt12__get_helperILm1ESt14default_deleteINSt7__cxx1118basic_stringstreamIcSt11char_traitsIcESaIcEEEEJEERT0_RSt11_Tuple_implIXT_EJS8_DpT1_EE
FN:1287,_ZSt12__get_helperILm0EPNSt7__cxx1112basic_stringIcSt11char_traitsIcESaIcEEEJSt14default_deleteIS5_EEERT0_RSt11_Tuple_implIXT_EJS9_DpT1_EE
FNDA:1184,_ZSt12__get_helperILm0EPNSt7__cxx1112basic_stringIcSt11char_traitsIcESaIcEEEJSt14default_deleteIS5_EEERT0_RSt11_Tuple_implIXT_EJS9_DpT1_EE
FN:1287,_ZSt12__get_helperILm0EPNSt7__cxx1118basic_stringstreamIcSt11char_traitsIcESaIcEEEJSt14default_deleteIS5_EEERT0_RSt11_Tuple_implIXT_EJS9_DpT1_EE
FNDA:206,_ZSt12__get_helperILm0EPNSt7__cxx1118basic_stringstreamIcSt11char_traitsIcESaIcEEEJSt14default_deleteIS5_EEERT0_RSt11_Tuple_implIXT_EJS9_DpT1_EE
FN:1292,_ZSt12__get_helperILm0EPNSt7__cxx1118basic_stringstreamIcSt11char_traitsIcESaIcEEEJSt14default_deleteIS5_EEERKT0_RKSt11_Tuple_implIXT_EJS9_DpT1_EE
FNDA:723,_ZSt12__get_helperILm0EPNSt7__cxx1118basic_stringstreamIcSt11char_traitsIcESaIcEEEJSt14default_deleteIS5_EEERKT0_RKSt11_Tuple_implIXT_EJS9_DpT1_EE
FN:1292,_ZSt12__get_helperILm0EPNSt7__cxx1112basic_stringIcSt11char_traitsIcESaIcEEEJSt14default_deleteIS5_EEERKT0_RKSt11_Tuple_implIXT_EJS9_DpT1_EE
FNDA:0,_ZSt12__get_helperILm0EPNSt7__cxx1112basic_stringIcSt11char_traitsIcESaIcEEEJSt14default_deleteIS5_EEERKT0_RKSt11_Tuple_implIXT_EJS9_DpT1_EE
FN:1298,_ZSt3getILm1EJPNSt7__cxx1118basic_stringstreamIcSt11char_traitsIcESaIcEEESt14default_deleteIS5_EEERNSt13tuple_elementIXT_ESt5tupleIJDpT0_EEE4typeERSD_
FNDA:103,_ZSt3getILm1EJPNSt7__cxx1118basic_stringstreamIcSt11char_traitsIcESaIcEEESt14default_deleteIS5_EEERNSt13tuple_elementIXT_ESt5tupleIJDpT0_EEE4typeERSD_
FN:1298,_ZSt3getILm1EJPNSt7__cxx1112basic_stringIcSt11char_traitsIcESaIcEEESt14default_deleteIS5_EEERNSt13tuple_elementIXT_ESt5tupleIJDpT0_EEE4typeERSD_
FNDA:0,_ZSt3getILm1EJPNSt7__cxx1112basic_stringIcSt11char_traitsIcESaIcEEESt14default_deleteIS5_EEERNSt13tuple_elementIXT_ESt5tupleIJDpT0_EEE4typeERSD_
FN:1298,_ZSt3getILm0EJPNSt7__cxx1112basic_stringIcSt11char_traitsIcESaIcEEESt14default_deleteIS5_EEERNSt13tuple_elementIXT_ESt5tupleIJDpT0_EEE4typeERSD_
FNDA:1184,_ZSt3getILm0EJPNSt7__cxx1112basic_stringIcSt11char_traitsIcESaIcEEESt14default_deleteIS5_EEERNSt13tuple_elementIXT_ESt5tupleIJDpT0_EEE4typeERSD_
FN:1298,_ZSt3getILm0EJPNSt7__cxx1118basic_stringstreamIcSt11char_traitsIcESaIcEEESt14default_deleteIS5_EEERNSt13tuple_elementIXT_ESt5tupleIJDpT0_EEE4typeERSD_
FNDA:206,_ZSt3getILm0EJPNSt7__cxx1118basic_stringstreamIcSt11char_traitsIcESaIcEEESt14default_deleteIS5_EEERNSt13tuple_elementIXT_ESt5tupleIJDpT0_EEE4typeERSD_
FN:1304,_ZSt3getILm0EJPNSt7__cxx1118basic_stringstreamIcSt11char_traitsIcESaIcEEESt14default_deleteIS5_EEERKNSt13tuple_elementIXT_ESt5tupleIJDpT0_EEE4typeERKSD_
FNDA:723,_ZSt3getILm0EJPNSt7__cxx1118basic_stringstreamIcSt11char_traitsIcESaIcEEESt14default_deleteIS5_EEERKNSt13tuple_elementIXT_ESt5tupleIJDpT0_EEE4typeERKSD_
FN:1304,_ZSt3getILm0EJPNSt7__cxx1112basic_stringIcSt11char_traitsIcESaIcEEESt14default_deleteIS5_EEERKNSt13tuple_elementIXT_ESt5tupleIJDpT0_EEE4typeERKSD_
FNDA:0,_ZSt3getILm0EJPNSt7__cxx1112basic_stringIcSt11char_traitsIcESaIcEEESt14default_deleteIS5_EEERKNSt13tuple_elementIXT_ESt5tupleIJDpT0_EEE4typeERKSD_
FNF:24
FNH:14
DA:117,0
DA:117,0
DA:166,1184
DA:166,206
DA:169,723
DA:169,0
DA:201,1184
DA:201,206
DA:204,723
DA:204,0
DA:349,0
DA:349,103
DA:1287,0
DA:1288,0
DA:1287,0
DA:1288,0
DA:1287,1184
DA:1288,1184
DA:1287,206
DA:1288,206
DA:1292,723
DA:1293,723
DA:1292,0
DA:1293,0
DA:1298,0
DA:1299,0
DA:1298,103
DA:1299,103
DA:1298,1184
DA:1299,1184
DA:1298,206
DA:1299,206
DA:1304,723
DA:1305,723
DA:1304,0
DA:1305,0
LF:36
LH:21
end_of_record
SF:/usr/local/include/c++/10.3.0/bits/unique_ptr.h
FN:79,_ZNKSt14default_deleteINSt7__cxx1118basic_stringstreamIcSt11char_traitsIcESaIcEEEEclEPS5_
FNDA:103,_ZNKSt14default_deleteINSt7__cxx1118basic_stringstreamIcSt11char_traitsIcESaIcEEEEclEPS5_
FN:79,_ZNKSt14default_deleteINSt7__cxx1112basic_stringIcSt11char_traitsIcESaIcEEEEclEPS5_
FNDA:0,_ZNKSt14default_deleteINSt7__cxx1112basic_stringIcSt11char_traitsIcESaIcEEEEclEPS5_
FN:172,_ZNSt15__uniq_ptr_implINSt7__cxx1118basic_stringstreamIcSt11char_traitsIcESaIcEEESt14default_deleteIS5_EE6_M_ptrEv
FNDA:0,_ZNSt15__uniq_ptr_implINSt7__cxx1118basic_stringstreamIcSt11char_traitsIcESaIcEEESt14default_deleteIS5_EE6_M_ptrEv
FN:172,_ZNSt15__uniq_ptr_implINSt7__cxx1112basic_stringIcSt11char_traitsIcESaIcEEESt14default_deleteIS5_EE6_M_ptrEv
FNDA:0,_ZNSt15__uniq_ptr_implINSt7__cxx1112basic_stringIcSt11char_traitsIcESaIcEEESt14default_deleteIS5_EE6_M_ptrEv
FN:173,_ZNKSt15__uniq_ptr_implINSt7__cxx1118basic_stringstreamIcSt11char_traitsIcESaIcEEESt14default_deleteIS5_EE6_M_ptrEv
FNDA:723,_ZNKSt15__uniq_ptr_implINSt7__cxx1118basic_stringstreamIcSt11char_traitsIcESaIcEEESt14default_deleteIS5_EE6_M_ptrEv
FN:173,_ZNKSt15__uniq_ptr_implINSt7__cxx1112basic_stringIcSt11char_traitsIcESaIcEEESt14default_deleteIS5_EE6_M_ptrEv
FNDA:0,_ZNKSt15__uniq_ptr_implINSt7__cxx1112basic_stringIcSt11char_traitsIcESaIcEEESt14default_deleteIS5_EE6_M_ptrEv
FN:174,_ZNSt15__uniq_ptr_implINSt7__cxx1118basic_stringstreamIcSt11char_traitsIcESaIcEEESt14default_deleteIS5_EE10_M_deleterEv
FNDA:0,_ZNSt15__uniq_ptr_implINSt7__cxx1118basic_stringstreamIcSt11char_traitsIcESaIcEEESt14default_deleteIS5_EE10_M_deleterEv
FN:174,_ZNSt15__uniq_ptr_implINSt7__cxx1112basic_stringIcSt11char_traitsIcESaIcEEESt14default_deleteIS5_EE10_M_deleterEv
FNDA:0,_ZNSt15__uniq_ptr_implINSt7__cxx1112basic_stringIcSt11char_traitsIcESaIcEEESt14default_deleteIS5_EE10_M_deleterEv
FN:177,_ZNSt15__uniq_ptr_implINSt7__cxx1112basic_stringIcSt11char_traitsIcESaIcEEESt14default_deleteIS5_EE5resetEPS5_
FNDA:0,_ZNSt15__uniq_ptr_implINSt7__cxx1112basic_stringIcSt11char_traitsIcESaIcEEESt14default_deleteIS5_EE5resetEPS5_
FN:355,_ZNSt10unique_ptrINSt7__cxx1112basic_stringIcSt11char_traitsIcESaIcEEESt14default_deleteIS5_EED1Ev
FNDA:1184,_ZNSt10unique_ptrINSt7__cxx1112basic_stringIcSt11char_traitsIcESaIcEEESt14default_deleteIS5_EED1Ev
FN:355,_ZNSt10unique_ptrINSt7__cxx1118basic_stringstreamIcSt11char_traitsIcESaIcEEESt14default_deleteIS5_EED1Ev
FNDA:0,_ZNSt10unique_ptrINSt7__cxx1118basic_stringstreamIcSt11char_traitsIcESaIcEEESt14default_deleteIS5_EED1Ev
FN:405,_ZNKSt10unique_ptrINSt7__cxx1118basic_stringstreamIcSt11char_traitsIcESaIcEEESt14default_deleteIS5_EEdeEv
FNDA:0,_ZNKSt10unique_ptrINSt7__cxx1118basic_stringstreamIcSt11char_traitsIcESaIcEEESt14default_deleteIS5_EEdeEv
FN:413,_ZNKSt10unique_ptrINSt7__cxx1112basic_stringIcSt11char_traitsIcESaIcEEESt14default_deleteIS5_EEptEv
FNDA:0,_ZNKSt10unique_ptrINSt7__cxx1112basic_stringIcSt11char_traitsIcESaIcEEESt14default_deleteIS5_EEptEv
FN:421,_ZNKSt10unique_ptrINSt7__cxx1118basic_stringstreamIcSt11char_traitsIcESaIcEEESt14default_deleteIS5_EE3getEv
FNDA:723,_ZNKSt10unique_ptrINSt7__cxx1118basic_stringstreamIcSt11char_traitsIcESaIcEEESt14default_deleteIS5_EE3getEv
FN:421,_ZNKSt10unique_ptrINSt7__cxx1112basic_stringIcSt11char_traitsIcESaIcEEESt14default_deleteIS5_EE3getEv
FNDA:0,_ZNKSt10unique_ptrINSt7__cxx1112basic_stringIcSt11char_traitsIcESaIcEEESt14default_deleteIS5_EE3getEv
FN:426,_ZNSt10unique_ptrINSt7__cxx1112basic_stringIcSt11char_traitsIcESaIcEEESt14default_deleteIS5_EE11get_deleterEv
FNDA:0,_ZNSt10unique_ptrINSt7__cxx1112basic_stringIcSt11char_traitsIcESaIcEEESt14default_deleteIS5_EE11get_deleterEv
FN:426,_ZNSt10unique_ptrINSt7__cxx1118basic_stringstreamIcSt11char_traitsIcESaIcEEESt14default_deleteIS5_EE11get_deleterEv
FNDA:103,_ZNSt10unique_ptrINSt7__cxx1118basic_stringstreamIcSt11char_traitsIcESaIcEEESt14default_deleteIS5_EE11get_deleterEv
FN:452,_ZNSt10unique_ptrINSt7__cxx1112basic_stringIcSt11char_traitsIcESaIcEEESt14default_deleteIS5_EE5resetEPS5_
FNDA:0,_ZNSt10unique_ptrINSt7__cxx1112basic_stringIcSt11char_traitsIcESaIcEEESt14default_deleteIS5_EE5resetEPS5_
FNF:18
FNH:5
DA:79,0
DA:85,0
DA:86,0
DA:79,103
DA:85,103
DA:86,103
DA:172,0
DA:172,0
DA:173,723
DA:173,0
DA:174,0
DA:174,0
DA:177,0
DA:179,0
DA:180,0
DA:181,0
DA:182,0
DA:183,0
DA:355,1184
DA:359,1184
DA:360,1184
DA:361,0
DA:362,1184
DA:363,1184
DA:355,0
DA:359,0
DA:360,0
DA:361,0
DA:362,0
DA:363,0
DA:405,0
DA:408,0
DA:413,0
DA:416,0
DA:421,723
DA:422,723
DA:421,0
DA:422,0
DA:426,0
DA:427,0
DA:426,103
DA:427,103
DA:452,0
DA:456,0
DA:457,0
LF:45
LH:13
end_of_record
SF:/usr/local/include/c++/10.3.0/bits/list.tcc
FN:66,_ZNSt7__cxx1110_List_baseINS_12basic_stringIcSt11char_traitsIcESaIcEEESaIS5_EE8_M_clearEv
FNDA:6,_ZNSt7__cxx1110_List_baseINS_12basic_stringIcSt11char_traitsIcESaIcEEESaIS5_EE8_M_clearEv
FN:66,_ZNSt7__cxx1110_List_baseIcSaIcEE8_M_clearEv
FNDA:9,_ZNSt7__cxx1110_List_baseIcSaIcEE8_M_clearEv
FN:66,_ZNSt7__cxx1110_List_baseIdSaIdEE8_M_clearEv
FNDA:375,_ZNSt7__cxx1110_List_baseIdSaIdEE8_M_clearEv
FN:66,_ZNSt7__cxx1110_List_baseIiSaIiEE8_M_clearEv
FNDA:15,_ZNSt7__cxx1110_List_baseIiSaIiEE8_M_clearEv
FN:89,_ZNSt7__cxx114listIdSaIdEE7emplaceIJdEEESt14_List_iteratorIdESt20_List_const_iteratorIdEDpOT_
FNDA:23,_ZNSt7__cxx114listIdSaIdEE7emplaceIJdEEESt14_List_iteratorIdESt20_List_const_iteratorIdEDpOT_
FN:133,_ZNSt7__cxx114listIdSaIdEE6insertISt20_List_const_iteratorIdEvEESt14_List_iteratorIdES5_T_S8_
FNDA:2,_ZNSt7__cxx114listIdSaIdEE6insertISt20_List_const_iteratorIdEvEESt14_List_iteratorIdES5_T_S8_
FN:150,_ZNSt7__cxx114listIdSaIdEE5eraseESt20_List_const_iteratorIdE
FNDA:4,_ZNSt7__cxx114listIdSaIdEE5eraseESt20_List_const_iteratorIdE
FN:267,_ZNSt7__cxx114listIdSaIdEEaSERKS2_
FNDA:2,_ZNSt7__cxx114listIdSaIdEEaSERKS2_
FN:308,_ZNSt7__cxx114listIdSaIdEE18_M_assign_dispatchISt20_List_const_iteratorIdEEEvT_S6_St12__false_type
FNDA:2,_ZNSt7__cxx114listIdSaIdEE18_M_assign_dispatchISt20_List_const_iteratorIdEEEvT_S6_St12__false_type
FN:367,_ZNSt7__cxx114listINS_12basic_stringIcSt11char_traitsIcESaIcEEESaIS5_EE6uniqueEv
FNDA:2,_ZNSt7__cxx114listINS_12basic_stringIcSt11char_traitsIcESaIcEEESaIS5_EE6uniqueEv
FN:367,_ZNSt7__cxx114listIdSaIdEE6uniqueEv
FNDA:2,_ZNSt7__cxx114listIdSaIdEE6uniqueEv
FN:392,_ZNSt7__cxx114listIdSaIdEE5mergeEOS2_
FNDA:30,_ZNSt7__cxx114listIdSaIdEE5mergeEOS2_
FN:486,_ZNSt7__cxx114listIdSaIdEE4sortEv
FNDA:5,_ZNSt7__cxx114listIdSaIdEE4sortEv
FNF:13
FNH:13
DA:66,6
DA:70,6
DA:71,25
DA:73,19
DA:74,19
DA:75,19
DA:77,19
DA:81,19
DA:83,6
DA:66,9
DA:70,9
DA:71,24
DA:73,15
DA:74,15
DA:75,15
DA:77,15
DA:81,15
DA:83,9
DA:66,375
DA:70,375
DA:71,549
DA:73,174
DA:74,174
DA:75,174
DA:77,174
DA:81,174
DA:83,375
DA:66,15
DA:70,15
DA:71,57
DA:73,42
DA:74,42
DA:75,42
DA:77,42
DA:81,42
DA:83,15
DA:89,23
DA:92,23
DA:93,23
DA:94,23
DA:95,23
DA:133,2
DA:137,6
DA:138,2
DA:140,2
DA:141,2
DA:142,2
DA:144,0
DA:150,4
DA:157,4
DA:158,4
DA:159,4
DA:267,2
DA:270,2
DA:273,2
DA:275,0
DA:276,0
DA:277,0
DA:278,0
DA:281,0
DA:283,0
DA:286,2
DA:288,2
DA:308,2
DA:312,2
DA:313,2
DA:314,2
DA:315,0
DA:316,0
DA:317,2
DA:318,0
DA:320,2
DA:321,2
DA:367,2
DA:370,2
DA:371,2
DA:372,2
DA:373,1
DA:374,1
DA:375,1
DA:376,1
DA:378,0
DA:380,0
DA:384,0
DA:385,0
DA:387,1
DA:367,2
DA:370,2
DA:371,2
DA:372,2
DA:373,0
DA:374,2
DA:375,2
DA:376,8
DA:378,6
DA:380,2
DA:384,4
DA:385,6
DA:387,2
DA:392,30
DA:401,30
DA:403,30
DA:405,30
DA:406,30
DA:407,30
DA:408,30
DA:409,30
DA:411,108
DA:412,78
DA:414,28
DA:415,28
DA:416,28
DA:419,50
DA:420,30
DA:421,21
DA:423,30
DA:424,30
DA:434,30
DA:486,5
DA:490,5
DA:491,5
DA:493,10
DA:494,650
DA:495,5
DA:499,26
DA:501,31
DA:503,49
DA:504,49
DA:507,18
DA:508,18
DA:510,31
DA:511,31
DA:512,15
DA:514,31
DA:516,15
DA:517,10
DA:518,5
DA:520,0
DA:522,0
DA:523,0
DA:524,0
DA:525,0
DA:528,5
LF:143
LH:123
end_of_record
SF:/usr/local/include/c++/10.3.0/bits/alloc_traits.h
FN:459,_ZNSt16allocator_traitsISaISt10_List_nodeIiEEE8allocateERS2_m
FNDA:42,_ZNSt16allocator_traitsISaISt10_List_nodeIiEEE8allocateERS2_m
FN:459,_ZNSt16allocator_traitsISaISt10_List_nodeINSt7__cxx1112basic_stringIcSt11char_traitsIcESaIcEEEEEE8allocateERS8_m
FNDA:19,_ZNSt16allocator_traitsISaISt10_List_nodeINSt7__cxx1112basic_stringIcSt11char_traitsIcESaIcEEEEEE8allocateERS8_m
FN:459,_ZNSt16allocator_traitsISaISt10_List_nodeIcEEE8allocateERS2_m
FNDA:21,_ZNSt16allocator_traitsISaISt10_List_nodeIcEEE8allocateERS2_m
FN:459,_ZNSt16allocator_traitsISaISt10_List_nodeIdEEE8allocateERS2_m
FNDA:244,_ZNSt16allocator_traitsISaISt10_List_nodeIdEEE8allocateERS2_m
FN:491,_ZNSt16allocator_traitsISaISt10_List_nodeIiEEE10deallocateERS2_PS1_m
FNDA:42,_ZNSt16allocator_traitsISaISt10_List_nodeIiEEE10deallocateERS2_PS1_m
FN:491,_ZNSt16allocator_traitsISaISt10_List_nodeIdEEE10deallocateERS2_PS1_m
FNDA:244,_ZNSt16allocator_traitsISaISt10_List_nodeIdEEE10deallocateERS2_PS1_m
FN:491,_ZNSt16allocator_traitsISaISt10_List_nodeIcEEE10deallocateERS2_PS1_m
FNDA:21,_ZNSt16allocator_traitsISaISt10_List_nodeIcEEE10deallocateERS2_PS1_m
FN:491,_ZNSt16allocator_traitsISaISt10_List_nodeINSt7__cxx1112basic_stringIcSt11char_traitsIcESaIcEEEEEE10deallocateERS8_PS7_m
FNDA:19,_ZNSt16allocator_traitsISaISt10_List_nodeINSt7__cxx1112basic_stringIcSt11char_traitsIcESaIcEEEEEE10deallocateERS8_PS7_m
FN:507,_ZNSt16allocator_traitsISaISt10_List_nodeINSt7__cxx1112basic_stringIcSt11char_traitsIcESaIcEEEEEE9constructIS6_JEEEvRS8_PT_DpOT0_
FNDA:1,_ZNSt16allocator_traitsISaISt10_List_nodeINSt7__cxx1112basic_stringIcSt11char_traitsIcESaIcEEEEEE9constructIS6_JEEEvRS8_PT_DpOT0_
FN:507,_ZNSt16allocator_traitsISaISt10_List_nodeIdEEE9constructIdJdEEEvRS2_PT_DpOT0_
FNDA:30,_ZNSt16allocator_traitsISaISt10_List_nodeIdEEE9constructIdJdEEEvRS2_PT_DpOT0_
FN:507,_ZNSt16allocator_traitsISaISt10_List_nodeIcEEE9constructIcJcEEEvRS2_PT_DpOT0_
FNDA:4,_ZNSt16allocator_traitsISaISt10_List_nodeIcEEE9constructIcJcEEEvRS2_PT_DpOT0_
FN:507,_ZNSt16allocator_traitsISaISt10_List_nodeINSt7__cxx1112basic_stringIcSt11char_traitsIcESaIcEEEEEE9constructIS6_JS6_EEEvRS8_PT_DpOT0_
FNDA:4,_ZNSt16allocator_traitsISaISt10_List_nodeINSt7__cxx1112basic_stringIcSt11char_traitsIcESaIcEEEEEE9constructIS6_JS6_EEEvRS8_PT_DpOT0_
FN:507,_ZNSt16allocator_traitsISaISt10_List_nodeIiEEE9constructIiJiEEEvRS2_PT_DpOT0_
FNDA:17,_ZNSt16allocator_traitsISaISt10_List_nodeIiEEE9constructIiJiEEEvRS2_PT_DpOT0_
FN:507,_ZNSt16allocator_traitsISaISt10_List_nodeIiEEE9constructIiJRKiEEEvRS2_PT_DpOT0_
FNDA:17,_ZNSt16allocator_traitsISaISt10_List_nodeIiEEE9constructIiJRKiEEEvRS2_PT_DpOT0_
FN:507,_ZNSt16allocator_traitsISaISt10_List_nodeIiEEE9constructIiJEEEvRS2_PT_DpOT0_
FNDA:8,_ZNSt16allocator_traitsISaISt10_List_nodeIiEEE9constructIiJEEEvRS2_PT_DpOT0_
FN:507,_ZNSt16allocator_traitsISaISt10_List_nodeIdEEE9constructIdJRKdEEEvRS2_PT_DpOT0_
FNDA:214,_ZNSt16allocator_traitsISaISt10_List_nodeIdEEE9constructIdJRKdEEEvRS2_PT_DpOT0_
FN:507,_ZNSt16allocator_traitsISaISt10_List_nodeIcEEE9constructIcJRKcEEEvRS2_PT_DpOT0_
FNDA:17,_ZNSt16allocator_traitsISaISt10_List_nodeIcEEE9constructIcJRKcEEEvRS2_PT_DpOT0_
FN:507,_ZNSt16allocator_traitsISaISt10_List_nodeINSt7__cxx1112basic_stringIcSt11char_traitsIcESaIcEEEEEE9constructIS6_JRKS6_EEEvRS8_PT_DpOT0_
FNDA:14,_ZNSt16allocator_traitsISaISt10_List_nodeINSt7__cxx1112basic_stringIcSt11char_traitsIcESaIcEEEEEE9constructIS6_JRKS6_EEEvRS8_PT_DpOT0_
FN:527,_ZNSt16allocator_traitsISaISt10_List_nodeIiEEE7destroyIiEEvRS2_PT_
FNDA:42,_ZNSt16allocator_traitsISaISt10_List_nodeIiEEE7destroyIiEEvRS2_PT_
FN:527,_ZNSt16allocator_traitsISaISt10_List_nodeIdEEE7destroyIdEEvRS2_PT_
FNDA:244,_ZNSt16allocator_traitsISaISt10_List_nodeIdEEE7destroyIdEEvRS2_PT_
FN:527,_ZNSt16allocator_traitsISaISt10_List_nodeIcEEE7destroyIcEEvRS2_PT_
FNDA:21,_ZNSt16allocator_traitsISaISt10_List_nodeIcEEE7destroyIcEEvRS2_PT_
FN:527,_ZNSt16allocator_traitsISaISt10_List_nodeINSt7__cxx1112basic_stringIcSt11char_traitsIcESaIcEEEEEE7destroyIS6_EEvRS8_PT_
FNDA:19,_ZNSt16allocator_traitsISaISt10_List_nodeINSt7__cxx1112basic_stringIcSt11char_traitsIcESaIcEEEEEE7destroyIS6_EEvRS8_PT_
FN:543,_ZNSt16allocator_traitsISaISt10_List_nodeIdEEE8max_sizeERKS2_
FNDA:1,_ZNSt16allocator_traitsISaISt10_List_nodeIdEEE8max_sizeERKS2_
FN:558,_ZNSt16allocator_traitsISaISt10_List_nodeIcEEE37select_on_container_copy_constructionERKS2_
FNDA:2,_ZNSt16allocator_traitsISaISt10_List_nodeIcEEE37select_on_container_copy_constructionERKS2_
FN:558,_ZNSt16allocator_traitsISaISt10_List_nodeIdEEE37select_on_container_copy_constructionERKS2_
FNDA:2,_ZNSt16allocator_traitsISaISt10_List_nodeIdEEE37select_on_container_copy_constructionERKS2_
FN:570,_ZSt18__do_alloc_on_copyISaISt10_List_nodeIdEEEvRT_RKS3_St17integral_constantIbLb0EE
FNDA:0,_ZSt18__do_alloc_on_copyISaISt10_List_nodeIdEEEvRT_RKS3_St17integral_constantIbLb0EE
FN:576,_ZSt15__alloc_on_copyISaISt10_List_nodeIdEEEvRT_RKS3_
FNDA:0,_ZSt15__alloc_on_copyISaISt10_List_nodeIdEEEvRT_RKS3_
FN:598,_ZSt18__do_alloc_on_moveISaISt10_List_nodeIdEEEvRT_S4_St17integral_constantIbLb1EE
FNDA:2,_ZSt18__do_alloc_on_moveISaISt10_List_nodeIdEEEvRT_S4_St17integral_constantIbLb1EE
FN:608,_ZSt15__alloc_on_moveISaISt10_List_nodeIdEEEvRT_S4_
FNDA:2,_ZSt15__alloc_on_moveISaISt10_List_nodeIdEEEvRT_S4_
FN:629,_ZSt18__do_alloc_on_swapISaISt10_List_nodeIdEEEvRT_S4_St17integral_constantIbLb0EE
FNDA:55,_ZSt18__do_alloc_on_swapISaISt10_List_nodeIdEEEvRT_S4_St17integral_constantIbLb0EE
FN:635,_ZSt15__alloc_on_swapISaISt10_List_nodeIdEEEvRT_S4_
FNDA:55,_ZSt15__alloc_on_swapISaISt10_List_nodeIdEEEvRT_S4_
FNF:31
FNH:29
DA:459,42
DA:460,42
DA:459,19
DA:460,19
DA:459,21
DA:460,21
DA:459,244
DA:460,244
DA:491,19
DA:492,19
DA:491,21
DA:492,21
DA:491,244
DA:492,244
DA:491,42
DA:492,42
DA:507,14
DA:512,14
DA:516,14
DA:507,1
DA:512,1
DA:516,1
DA:507,17
DA:512,17
DA:516,17
DA:507,214
DA:512,214
DA:516,214
DA:507,8
DA:512,8
DA:516,8
DA:507,17
DA:512,17
DA:516,17
DA:507,17
DA:512,17
DA:516,17
DA:507,4
DA:512,4
DA:516,4
DA:507,4
DA:512,4
DA:516,4
DA:507,30
DA:512,30
DA:516,30
DA:527,19
DA:531,19
DA:535,19
DA:527,21
DA:531,21
DA:535,21
DA:527,244
DA:531,244
DA:535,244
DA:527,42
DA:531,42
DA:535,42
DA:543,1
DA:546,1
DA:558,2
DA:559,2
DA:558,2
DA:559,2
DA:570,0
DA:571,0
DA:576,0
DA:584,0
DA:586,0
DA:598,2
DA:599,2
DA:608,2
DA:616,2
DA:618,2
DA:629,55
DA:630,55
DA:635,55
DA:646,55
DA:648,55
LF:79
LH:74
end_of_record
SF:/usr/local/include/gtest/gtest-assertion-result.h
FN:171,_ZNK7testing15AssertionResultcvbEv
FNDA:0,_ZNK7testing15AssertionResultcvbEv
FN:180,_ZNK7testing15AssertionResult7messageEv
FNDA:0,_ZNK7testing15AssertionResult7messageEv
FN:184,_ZNK7testing15AssertionResult15failure_messageEv
FNDA:0,_ZNK7testing15AssertionResult15failure_messageEv
FN:188,_ZN7testing15AssertionResultlsIA5_cEERS0_RKT_
FNDA:0,_ZN7testing15AssertionResultlsIA5_cEERS0_RKT_
FN:188,_ZN7testing15AssertionResultlsINSt7__cxx1112basic_stringIcSt11char_traitsIcESaIcEEEEERS0_RKT_
FNDA:0,_ZN7testing15AssertionResultlsINSt7__cxx1112basic_stringIcSt11char_traitsIcESaIcEEEEERS0_RKT_
FN:188,_ZN7testing15AssertionResultlsIA3_cEERS0_RKT_
FNDA:0,_ZN7testing15AssertionResultlsIA3_cEERS0_RKT_
FN:188,_ZN7testing15AssertionResultlsIPKcEERS0_RKT_
FNDA:0,_ZN7testing15AssertionResultlsIPKcEERS0_RKT_
FN:188,_ZN7testing15AssertionResultlsIA12_cEERS0_RKT_
FNDA:0,_ZN7testing15AssertionResultlsIA12_cEERS0_RKT_
FN:203,_ZN7testing15AssertionResult13AppendMessageERKNS_7MessageE
FNDA:0,_ZN7testing15AssertionResult13AppendMessageERKNS_7MessageE
FNF:9
FNH:0
DA:171,0
DA:180,0
DA:181,0
DA:184,0
DA:188,0
DA:189,0
DA:190,0
DA:188,0
DA:189,0
DA:190,0
DA:188,0
DA:189,0
DA:190,0
DA:188,0
DA:189,0
DA:190,0
DA:188,0
DA:189,0
DA:190,0
DA:203,0
DA:204,0
DA:205,0
DA:206,0
LF:23
LH:0
end_of_record
